2023-04-16 13:07:15.780 INFO  org.hibernate.validator.internal.util.Version     :21   [32m        [0;39m HV000001: Hibernate Validator 6.2.0.Final
2023-04-16 13:07:15.790 INFO  com.douding.EurekaApplication                     :55   [32m        [0;39m Starting EurekaApplication using Java 11.0.16.1 on LAPTOP-DPE4UH7M with PID 17196 (C:\Users\master\Desktop\guli-parent-master\join-test-two\DouDing\douding-eureka\target\classes started by master in C:\Users\master\Desktop\guli-parent-master\join-test-two)
2023-04-16 13:07:15.823 INFO  com.douding.EurekaApplication                     :659  [32m        [0;39m No active profile set, falling back to default profiles: default
2023-04-16 13:07:18.622 INFO  o.springframework.cloud.context.scope.GenericScope:283  [32m        [0;39m BeanFactory id=22aef32b-6694-37e5-ac0c-88b027b6c8a3
2023-04-16 13:07:19.157 INFO  o.s.boot.web.embedded.tomcat.TomcatWebServer      :108  [32m        [0;39m Tomcat initialized with port(s): 8761 (http)
2023-04-16 13:07:19.180 INFO  org.apache.coyote.http11.Http11NioProtocol        :173  [32m        [0;39m Initializing ProtocolHandler ["http-nio-8761"]
2023-04-16 13:07:19.181 INFO  org.apache.catalina.core.StandardService          :173  [32m        [0;39m Starting service [Tomcat]
2023-04-16 13:07:19.182 INFO  org.apache.catalina.core.StandardEngine           :173  [32m        [0;39m Starting Servlet engine: [Apache Tomcat/9.0.50]
2023-04-16 13:07:19.457 INFO  o.a.c.core.ContainerBase.[Tomcat].[localhost].[/] :173  [32m        [0;39m Initializing Spring embedded WebApplicationContext
2023-04-16 13:07:19.457 INFO  o.s.b.w.s.c.ServletWebServerApplicationContext    :290  [32m        [0;39m Root WebApplicationContext: initialization completed in 3533 ms
2023-04-16 13:07:20.383 INFO  c.s.j.server.impl.application.WebApplicationImpl  :815  [32m        [0;39m Initiating Jersey application, version 'Jersey: 1.19.4 05/24/2017 03:20 PM'
2023-04-16 13:07:20.498 INFO  c.n.discovery.provider.DiscoveryJerseyProvider    :70   [32m        [0;39m Using JSON encoding codec LegacyJacksonJson
2023-04-16 13:07:20.498 INFO  c.n.discovery.provider.DiscoveryJerseyProvider    :71   [32m        [0;39m Using JSON decoding codec LegacyJacksonJson
2023-04-16 13:07:20.765 INFO  c.n.discovery.provider.DiscoveryJerseyProvider    :80   [32m        [0;39m Using XML encoding codec XStreamXml
2023-04-16 13:07:20.766 INFO  c.n.discovery.provider.DiscoveryJerseyProvider    :81   [32m        [0;39m Using XML decoding codec XStreamXml
2023-04-16 13:07:23.131 INFO  org.springframework.cloud.commons.util.InetUtils  :170  [32m        [0;39m Cannot determine local hostname
2023-04-16 13:07:25.366 INFO  org.springframework.cloud.commons.util.InetUtils  :170  [32m        [0;39m Cannot determine local hostname
2023-04-16 13:07:25.376 INFO  o.s.c.n.e.c.DiscoveryClientOptionalArgsConfiguration:87   [32m        [0;39m Eureka HTTP Client uses Jersey
2023-04-16 13:07:25.477 WARN  o.s.c.l.c.LoadBalancerCacheAutoConfiguration$LoadBalancerCaffeineWarnLogger:82   [32m        [0;39m Spring Cloud LoadBalancer is currently working with the default cache. You can switch to using Caffeine cache, by adding it and org.springframework.cache.caffeine.CaffeineCacheManager to the classpath.
2023-04-16 13:07:25.522 INFO  o.s.cloud.netflix.eureka.InstanceInfoFactory      :67   [32m        [0;39m Setting initial instance status as: STARTING
2023-04-16 13:07:25.596 INFO  com.netflix.discovery.DiscoveryClient             :372  [32m        [0;39m Initializing Eureka in region us-east-1
2023-04-16 13:07:25.597 INFO  com.netflix.discovery.DiscoveryClient             :375  [32m        [0;39m Client configured to neither register nor query for data.
2023-04-16 13:07:25.609 INFO  com.netflix.discovery.DiscoveryClient             :390  [32m        [0;39m Discovery Client initialized at timestamp 1681621645607 with initial instances count: 0
2023-04-16 13:07:25.663 INFO  com.netflix.eureka.DefaultEurekaServerContext     :66   [32m        [0;39m Initializing ...
2023-04-16 13:07:25.667 INFO  com.netflix.eureka.cluster.PeerEurekaNodes        :187  [32m        [0;39m Adding new peer nodes [http://domain-eureka:8761/eureka/]
2023-04-16 13:07:26.102 INFO  c.n.discovery.provider.DiscoveryJerseyProvider    :70   [32m        [0;39m Using JSON encoding codec LegacyJacksonJson
2023-04-16 13:07:26.102 INFO  c.n.discovery.provider.DiscoveryJerseyProvider    :71   [32m        [0;39m Using JSON decoding codec LegacyJacksonJson
2023-04-16 13:07:26.103 INFO  c.n.discovery.provider.DiscoveryJerseyProvider    :80   [32m        [0;39m Using XML encoding codec XStreamXml
2023-04-16 13:07:26.103 INFO  c.n.discovery.provider.DiscoveryJerseyProvider    :81   [32m        [0;39m Using XML decoding codec XStreamXml
2023-04-16 13:07:26.459 INFO  com.netflix.eureka.cluster.PeerEurekaNodes        :109  [32m        [0;39m Replica node URL:  http://domain-eureka:8761/eureka/
2023-04-16 13:07:26.485 INFO  c.netflix.eureka.registry.AbstractInstanceRegistry:153  [32m        [0;39m Finished initializing remote region registries. All known remote regions: []
2023-04-16 13:07:26.488 INFO  com.netflix.eureka.DefaultEurekaServerContext     :73   [32m        [0;39m Initialized
2023-04-16 13:07:26.515 INFO  o.s.b.actuate.endpoint.web.EndpointLinksResolver  :58   [32m        [0;39m Exposing 1 endpoint(s) beneath base path '/actuator'
2023-04-16 13:07:26.750 INFO  o.s.c.n.e.serviceregistry.EurekaServiceRegistry   :41   [32m        [0;39m Registering application DOUDING-EUREKA with eureka with status UP
2023-04-16 13:07:26.755 INFO  o.s.c.netflix.eureka.server.EurekaServerBootstrap :97   [32m        [0;39m Setting the eureka configuration..
2023-04-16 13:07:26.755 INFO  org.apache.coyote.http11.Http11NioProtocol        :173  [32m        [0;39m Starting ProtocolHandler ["http-nio-8761"]
2023-04-16 13:07:26.783 INFO  o.s.c.netflix.eureka.server.EurekaServerBootstrap :148  [32m        [0;39m isAws returned false
2023-04-16 13:07:26.785 INFO  o.s.c.netflix.eureka.server.EurekaServerBootstrap :114  [32m        [0;39m Initialized server context
2023-04-16 13:07:26.786 INFO  c.n.eureka.registry.PeerAwareInstanceRegistryImpl :244  [32m        [0;39m Got 1 instances from neighboring DS node
2023-04-16 13:07:26.787 INFO  c.n.eureka.registry.PeerAwareInstanceRegistryImpl :245  [32m        [0;39m Renew threshold is: 1
2023-04-16 13:07:26.787 INFO  c.n.eureka.registry.PeerAwareInstanceRegistryImpl :256  [32m        [0;39m Changing status to UP
2023-04-16 13:07:26.810 INFO  o.s.c.n.e.s.EurekaServerInitializerConfiguration  :69   [32m        [0;39m Started Eureka Server
2023-04-16 13:07:26.817 INFO  o.s.boot.web.embedded.tomcat.TomcatWebServer      :220  [32m        [0;39m Tomcat started on port(s): 8761 (http) with context path ''
2023-04-16 13:07:26.820 INFO  o.s.c.n.e.s.EurekaAutoServiceRegistration         :144  [32m        [0;39m Updating port to 8761
2023-04-16 13:07:28.710 INFO  org.springframework.cloud.commons.util.InetUtils  :170  [32m        [0;39m Cannot determine local hostname
2023-04-16 13:07:28.741 INFO  com.douding.EurekaApplication                     :61   [32m        [0;39m Started EurekaApplication in 15.966 seconds (JVM running for 19.855)
2023-04-16 13:07:28.757 INFO  com.douding.EurekaApplication                     :21   [32m        [0;39m 启动成功！！
2023-04-16 13:07:28.758 INFO  com.douding.EurekaApplication                     :22   [32m        [0;39m Eureka地址: 	http://127.0.0.1:8761
2023-04-16 13:07:29.738 INFO  o.a.c.core.ContainerBase.[Tomcat].[localhost].[/] :173  [32m        [0;39m Initializing Spring DispatcherServlet 'dispatcherServlet'
2023-04-16 13:07:29.739 INFO  org.springframework.web.servlet.DispatcherServlet :525  [32m        [0;39m Initializing Servlet 'dispatcherServlet'
2023-04-16 13:07:29.741 INFO  org.springframework.web.servlet.DispatcherServlet :547  [32m        [0;39m Completed initialization in 2 ms
2023-04-16 13:07:40.805 INFO  c.netflix.eureka.registry.AbstractInstanceRegistry:266  [32m        [0;39m Registered instance DOUDING-CONFIG/localhost:douding-config:8888 with status UP (replication=false)
2023-04-16 13:07:41.467 INFO  c.netflix.eureka.registry.AbstractInstanceRegistry:266  [32m        [0;39m Registered instance DOUDING-CONFIG/localhost:douding-config:8888 with status UP (replication=true)
2023-04-16 13:08:10.938 WARN  c.netflix.eureka.registry.AbstractInstanceRegistry:790  [32m        [0;39m No remote registry available for the remote region us-east-1
2023-04-16 13:08:16.842 INFO  c.netflix.eureka.registry.AbstractInstanceRegistry:266  [32m        [0;39m Registered instance API-BUSINESS/localhost:api-business:9002 with status UP (replication=false)
2023-04-16 13:08:17.383 INFO  c.netflix.eureka.registry.AbstractInstanceRegistry:266  [32m        [0;39m Registered instance API-BUSINESS/localhost:api-business:9002 with status UP (replication=true)
2023-04-16 13:08:18.028 INFO  c.netflix.eureka.registry.AbstractInstanceRegistry:266  [32m        [0;39m Registered instance API-FILE/localhost:api-file:9003 with status UP (replication=false)
2023-04-16 13:08:18.571 INFO  c.netflix.eureka.registry.AbstractInstanceRegistry:266  [32m        [0;39m Registered instance API-FILE/localhost:api-file:9003 with status UP (replication=true)
2023-04-16 13:08:22.059 INFO  c.netflix.eureka.registry.AbstractInstanceRegistry:266  [32m        [0;39m Registered instance DOUDING-GATEWAY/localhost:douding-gateway:9000 with status UP (replication=false)
2023-04-16 13:08:22.589 INFO  c.netflix.eureka.registry.AbstractInstanceRegistry:266  [32m        [0;39m Registered instance DOUDING-GATEWAY/localhost:douding-gateway:9000 with status UP (replication=true)
2023-04-16 13:08:26.575 INFO  c.netflix.eureka.registry.AbstractInstanceRegistry:266  [32m        [0;39m Registered instance API-SYSTEM/localhost:api-system:9001 with status UP (replication=false)
2023-04-16 13:08:26.804 INFO  c.netflix.eureka.registry.AbstractInstanceRegistry:1247 [32m        [0;39m Running the evict task with compensationTime 0ms
2023-04-16 13:08:27.117 INFO  c.netflix.eureka.registry.AbstractInstanceRegistry:266  [32m        [0;39m Registered instance API-SYSTEM/localhost:api-system:9001 with status UP (replication=true)
2023-04-16 13:08:30.034 WARN  c.netflix.eureka.registry.AbstractInstanceRegistry:790  [32m        [0;39m No remote registry available for the remote region us-east-1
2023-04-16 13:09:26.816 INFO  c.netflix.eureka.registry.AbstractInstanceRegistry:1247 [32m        [0;39m Running the evict task with compensationTime 12ms
2023-04-16 13:10:26.817 INFO  c.netflix.eureka.registry.AbstractInstanceRegistry:1247 [32m        [0;39m Running the evict task with compensationTime 0ms
2023-04-16 13:11:26.819 INFO  c.netflix.eureka.registry.AbstractInstanceRegistry:1247 [32m        [0;39m Running the evict task with compensationTime 2ms
2023-04-16 13:11:30.088 WARN  c.netflix.eureka.registry.AbstractInstanceRegistry:790  [32m        [0;39m No remote registry available for the remote region us-east-1
2023-04-16 13:12:26.821 INFO  c.netflix.eureka.registry.AbstractInstanceRegistry:1247 [32m        [0;39m Running the evict task with compensationTime 1ms
2023-04-16 13:13:26.829 INFO  c.netflix.eureka.registry.AbstractInstanceRegistry:1247 [32m        [0;39m Running the evict task with compensationTime 8ms
2023-04-16 13:14:26.834 INFO  c.netflix.eureka.registry.AbstractInstanceRegistry:1247 [32m        [0;39m Running the evict task with compensationTime 4ms
2023-04-16 13:14:30.136 WARN  c.netflix.eureka.registry.AbstractInstanceRegistry:790  [32m        [0;39m No remote registry available for the remote region us-east-1
2023-04-16 13:15:26.844 INFO  c.netflix.eureka.registry.AbstractInstanceRegistry:1247 [32m        [0;39m Running the evict task with compensationTime 10ms
2023-04-16 13:16:26.848 INFO  c.netflix.eureka.registry.AbstractInstanceRegistry:1247 [32m        [0;39m Running the evict task with compensationTime 4ms
2023-04-16 13:17:26.863 INFO  c.netflix.eureka.registry.AbstractInstanceRegistry:1247 [32m        [0;39m Running the evict task with compensationTime 14ms
2023-04-16 13:17:30.199 WARN  c.netflix.eureka.registry.AbstractInstanceRegistry:790  [32m        [0;39m No remote registry available for the remote region us-east-1
2023-04-16 13:18:26.874 INFO  c.netflix.eureka.registry.AbstractInstanceRegistry:1247 [32m        [0;39m Running the evict task with compensationTime 10ms
2023-04-16 13:19:26.881 INFO  c.netflix.eureka.registry.AbstractInstanceRegistry:1247 [32m        [0;39m Running the evict task with compensationTime 7ms
2023-04-16 13:20:26.892 INFO  c.netflix.eureka.registry.AbstractInstanceRegistry:1247 [32m        [0;39m Running the evict task with compensationTime 10ms
2023-04-16 13:20:30.231 WARN  c.netflix.eureka.registry.AbstractInstanceRegistry:790  [32m        [0;39m No remote registry available for the remote region us-east-1
2023-04-16 13:21:26.905 INFO  c.netflix.eureka.registry.AbstractInstanceRegistry:1247 [32m        [0;39m Running the evict task with compensationTime 13ms
2023-04-16 13:22:26.499 INFO  c.n.eureka.registry.PeerAwareInstanceRegistryImpl :552  [32m        [0;39m Current renewal threshold is : 10
2023-04-16 13:22:26.913 INFO  c.netflix.eureka.registry.AbstractInstanceRegistry:1247 [32m        [0;39m Running the evict task with compensationTime 8ms
2023-04-16 13:23:26.914 INFO  c.netflix.eureka.registry.AbstractInstanceRegistry:1247 [32m        [0;39m Running the evict task with compensationTime 0ms
2023-04-16 13:23:30.264 WARN  c.netflix.eureka.registry.AbstractInstanceRegistry:790  [32m        [0;39m No remote registry available for the remote region us-east-1
2023-04-16 13:24:26.924 INFO  c.netflix.eureka.registry.AbstractInstanceRegistry:1247 [32m        [0;39m Running the evict task with compensationTime 10ms
2023-04-16 13:25:26.925 INFO  c.netflix.eureka.registry.AbstractInstanceRegistry:1247 [32m        [0;39m Running the evict task with compensationTime 0ms
2023-04-16 13:26:04.963 INFO  c.netflix.eureka.registry.AbstractInstanceRegistry:266  [32m        [0;39m Registered instance DOUDING-GATEWAY/localhost:douding-gateway:9000 with status DOWN (replication=false)
2023-04-16 13:26:05.492 INFO  c.netflix.eureka.registry.AbstractInstanceRegistry:266  [32m        [0;39m Registered instance DOUDING-GATEWAY/localhost:douding-gateway:9000 with status DOWN (replication=true)
2023-04-16 13:26:10.423 INFO  c.netflix.eureka.registry.AbstractInstanceRegistry:328  [32m        [0;39m Cancelled instance DOUDING-GATEWAY/localhost:douding-gateway:9000 (replication=false)
2023-04-16 13:26:10.739 INFO  c.netflix.eureka.registry.AbstractInstanceRegistry:266  [32m        [0;39m Registered instance API-BUSINESS/localhost:api-business:9002 with status DOWN (replication=false)
2023-04-16 13:26:10.739 INFO  c.netflix.eureka.registry.AbstractInstanceRegistry:266  [32m        [0;39m Registered instance API-FILE/localhost:api-file:9003 with status DOWN (replication=false)
2023-04-16 13:26:10.805 INFO  o.s.c.n.e.serviceregistry.EurekaServiceRegistry   :62   [32m        [0;39m Unregistering application DOUDING-EUREKA with eureka with status DOWN
2023-04-16 13:26:10.866 INFO  c.netflix.eureka.registry.AbstractInstanceRegistry:266  [32m        [0;39m Registered instance API-SYSTEM/localhost:api-system:9001 with status DOWN (replication=false)
2023-04-16 13:26:10.972 WARN  c.netflix.eureka.registry.AbstractInstanceRegistry:313  [32m        [0;39m DS: Registry: cancel failed because Lease is not registered for: DOUDING-GATEWAY/localhost:douding-gateway:9000
2023-04-16 13:26:10.973 INFO  com.netflix.eureka.resources.InstanceResource     :288  [32m        [0;39m Not Found (Cancel): DOUDING-GATEWAY - localhost:douding-gateway:9000
2023-04-16 13:26:10.975 INFO  c.netflix.eureka.registry.AbstractInstanceRegistry:266  [32m        [0;39m Registered instance API-FILE/localhost:api-file:9003 with status DOWN (replication=true)
2023-04-16 13:26:10.977 INFO  c.netflix.eureka.registry.AbstractInstanceRegistry:266  [32m        [0;39m Registered instance API-BUSINESS/localhost:api-business:9002 with status DOWN (replication=true)
2023-04-16 13:26:10.979 INFO  c.netflix.eureka.registry.AbstractInstanceRegistry:266  [32m        [0;39m Registered instance API-SYSTEM/localhost:api-system:9001 with status DOWN (replication=true)
2023-04-16 13:26:10.981 WARN  com.netflix.eureka.cluster.ReplicationTask        :35   [32m        [0;39m The replication of task DOUDING-GATEWAY/localhost:douding-gateway:9000:Cancel@domain-eureka failed with response code 404
2023-04-16 13:26:10.982 WARN  com.netflix.eureka.cluster.PeerEurekaNode         :171  [32m        [0;39m DOUDING-GATEWAY/localhost:douding-gateway:9000:Cancel@domain-eureka: missing entry.
2023-04-16 13:26:10.992 INFO  c.netflix.eureka.registry.AbstractInstanceRegistry:266  [32m        [0;39m Registered instance DOUDING-CONFIG/localhost:douding-config:8888 with status DOWN (replication=false)
2023-04-16 13:26:11.495 INFO  o.s.c.netflix.eureka.server.EurekaServerBootstrap :83   [32m        [0;39m Shutting down Eureka Server..
2023-04-16 13:26:11.550 INFO  com.netflix.eureka.DefaultEurekaServerContext     :79   [32m        [0;39m Shutting down ...
2023-04-16 13:26:11.560 INFO  com.netflix.servo.monitor.StatsMonitor            :426  [32m        [0;39m Attempting to get the value for an expired monitor: eurekaServer.replication.batchSize.Will start computing stats again.
2023-04-16 13:26:11.566 INFO  com.netflix.servo.monitor.StatsMonitor            :426  [32m        [0;39m Attempting to get the value for an expired monitor: eurekaServer.replication.executionTime.Will start computing stats again.
2023-04-16 13:26:11.570 INFO  com.netflix.servo.monitor.StatsMonitor            :426  [32m        [0;39m Attempting to get the value for an expired monitor: eurekaServer.replication.executionTime.Will start computing stats again.
2023-04-16 13:26:11.574 INFO  com.netflix.servo.monitor.StatsMonitor            :426  [32m        [0;39m Attempting to get the value for an expired monitor: eurekaServer.replication.batchSize.Will start computing stats again.
2023-04-16 13:26:11.540 ERROR c.netflix.eureka.cluster.ReplicationTaskProcessor :126  [32m        [0;39m Network level connection to peer domain-eureka; retrying after delay
com.sun.jersey.api.client.ClientHandlerException: java.net.ConnectException: Connection refused: connect
	at com.sun.jersey.client.apache4.ApacheHttpClient4Handler.handle(ApacheHttpClient4Handler.java:187)
	at com.netflix.eureka.cluster.DynamicGZIPContentEncodingFilter.handle(DynamicGZIPContentEncodingFilter.java:48)
	at com.netflix.discovery.EurekaIdentityHeaderFilter.handle(EurekaIdentityHeaderFilter.java:27)
	at com.sun.jersey.api.client.Client.handle(Client.java:652)
	at com.sun.jersey.api.client.WebResource.handle(WebResource.java:682)
	at com.sun.jersey.api.client.WebResource.access$200(WebResource.java:74)
	at com.sun.jersey.api.client.WebResource$Builder.post(WebResource.java:570)
	at com.netflix.eureka.transport.JerseyReplicationClient.submitBatchUpdates(JerseyReplicationClient.java:117)
	at com.netflix.eureka.cluster.ReplicationTaskProcessor.process(ReplicationTaskProcessor.java:80)
	at com.netflix.eureka.util.batcher.TaskExecutors$BatchWorkerRunnable.run(TaskExecutors.java:190)
	at java.base/java.lang.Thread.run(Thread.java:829)
Caused by: java.net.ConnectException: Connection refused: connect
	at java.base/java.net.PlainSocketImpl.waitForConnect(Native Method)
	at java.base/java.net.PlainSocketImpl.socketConnect(PlainSocketImpl.java:107)
	at java.base/java.net.AbstractPlainSocketImpl.doConnect(AbstractPlainSocketImpl.java:412)
	at java.base/java.net.AbstractPlainSocketImpl.connectToAddress(AbstractPlainSocketImpl.java:255)
	at java.base/java.net.AbstractPlainSocketImpl.connect(AbstractPlainSocketImpl.java:237)
	at java.base/java.net.SocksSocketImpl.connect(SocksSocketImpl.java:392)
	at java.base/java.net.Socket.connect(Socket.java:609)
	at org.apache.http.conn.scheme.PlainSocketFactory.connectSocket(PlainSocketFactory.java:121)
	at org.apache.http.impl.conn.DefaultClientConnectionOperator.openConnection(DefaultClientConnectionOperator.java:180)
	at org.apache.http.impl.conn.AbstractPoolEntry.open(AbstractPoolEntry.java:144)
	at org.apache.http.impl.conn.AbstractPooledConnAdapter.open(AbstractPooledConnAdapter.java:134)
	at org.apache.http.impl.client.DefaultRequestDirector.tryConnect(DefaultRequestDirector.java:605)
	at org.apache.http.impl.client.DefaultRequestDirector.execute(DefaultRequestDirector.java:440)
	at org.apache.http.impl.client.AbstractHttpClient.doExecute(AbstractHttpClient.java:835)
	at org.apache.http.impl.client.CloseableHttpClient.execute(CloseableHttpClient.java:118)
	at org.apache.http.impl.client.CloseableHttpClient.execute(CloseableHttpClient.java:56)
	at com.sun.jersey.client.apache4.ApacheHttpClient4Handler.handle(ApacheHttpClient4Handler.java:173)
	... 10 common frames omitted
2023-04-16 13:26:11.641 INFO  com.netflix.eureka.DefaultEurekaServerContext     :84   [32m        [0;39m Shut down
2023-04-16 13:26:11.642 INFO  o.s.c.netflix.eureka.server.EurekaServerBootstrap :93   [32m        [0;39m Eureka Service is now shutdown...
2023-04-16 13:26:11.645 INFO  com.netflix.eureka.DefaultEurekaServerContext     :79   [32m        [0;39m Shutting down ...
2023-04-16 13:26:11.675 INFO  com.netflix.eureka.DefaultEurekaServerContext     :84   [32m        [0;39m Shut down
2023-04-16 13:26:11.726 INFO  com.netflix.discovery.DiscoveryClient             :935  [32m        [0;39m Shutting down DiscoveryClient ...
2023-04-16 13:26:11.730 INFO  com.netflix.discovery.DiscoveryClient             :960  [32m        [0;39m Completed shut down of DiscoveryClient
2023-04-16 13:27:05.642 INFO  org.hibernate.validator.internal.util.Version     :21   [32m        [0;39m HV000001: Hibernate Validator 6.2.0.Final
2023-04-16 13:27:05.659 INFO  com.douding.EurekaApplication                     :55   [32m        [0;39m Starting EurekaApplication using Java 11.0.16.1 on LAPTOP-DPE4UH7M with PID 3156 (C:\Users\master\Desktop\guli-parent-master\join-test-two\DouDing\douding-eureka\target\classes started by master in C:\Users\master\Desktop\guli-parent-master\join-test-two)
2023-04-16 13:27:05.664 INFO  com.douding.EurekaApplication                     :659  [32m        [0;39m No active profile set, falling back to default profiles: default
2023-04-16 13:27:08.708 INFO  o.springframework.cloud.context.scope.GenericScope:283  [32m        [0;39m BeanFactory id=22aef32b-6694-37e5-ac0c-88b027b6c8a3
2023-04-16 13:27:09.627 INFO  o.s.boot.web.embedded.tomcat.TomcatWebServer      :108  [32m        [0;39m Tomcat initialized with port(s): 8761 (http)
2023-04-16 13:27:09.652 INFO  org.apache.coyote.http11.Http11NioProtocol        :173  [32m        [0;39m Initializing ProtocolHandler ["http-nio-8761"]
2023-04-16 13:27:09.653 INFO  org.apache.catalina.core.StandardService          :173  [32m        [0;39m Starting service [Tomcat]
2023-04-16 13:27:09.654 INFO  org.apache.catalina.core.StandardEngine           :173  [32m        [0;39m Starting Servlet engine: [Apache Tomcat/9.0.50]
2023-04-16 13:27:10.059 INFO  o.a.c.core.ContainerBase.[Tomcat].[localhost].[/] :173  [32m        [0;39m Initializing Spring embedded WebApplicationContext
2023-04-16 13:27:10.060 INFO  o.s.b.w.s.c.ServletWebServerApplicationContext    :290  [32m        [0;39m Root WebApplicationContext: initialization completed in 4265 ms
2023-04-16 13:27:11.713 INFO  c.s.j.server.impl.application.WebApplicationImpl  :815  [32m        [0;39m Initiating Jersey application, version 'Jersey: 1.19.4 05/24/2017 03:20 PM'
2023-04-16 13:27:11.835 INFO  c.n.discovery.provider.DiscoveryJerseyProvider    :70   [32m        [0;39m Using JSON encoding codec LegacyJacksonJson
2023-04-16 13:27:11.835 INFO  c.n.discovery.provider.DiscoveryJerseyProvider    :71   [32m        [0;39m Using JSON decoding codec LegacyJacksonJson
2023-04-16 13:27:12.161 INFO  c.n.discovery.provider.DiscoveryJerseyProvider    :80   [32m        [0;39m Using XML encoding codec XStreamXml
2023-04-16 13:27:12.162 INFO  c.n.discovery.provider.DiscoveryJerseyProvider    :81   [32m        [0;39m Using XML decoding codec XStreamXml
2023-04-16 13:27:14.715 INFO  org.springframework.cloud.commons.util.InetUtils  :170  [32m        [0;39m Cannot determine local hostname
2023-04-16 13:27:16.836 INFO  org.springframework.cloud.commons.util.InetUtils  :170  [32m        [0;39m Cannot determine local hostname
2023-04-16 13:27:16.848 INFO  o.s.c.n.e.c.DiscoveryClientOptionalArgsConfiguration:87   [32m        [0;39m Eureka HTTP Client uses Jersey
2023-04-16 13:27:16.938 WARN  o.s.c.l.c.LoadBalancerCacheAutoConfiguration$LoadBalancerCaffeineWarnLogger:82   [32m        [0;39m Spring Cloud LoadBalancer is currently working with the default cache. You can switch to using Caffeine cache, by adding it and org.springframework.cache.caffeine.CaffeineCacheManager to the classpath.
2023-04-16 13:27:16.965 INFO  o.s.cloud.netflix.eureka.InstanceInfoFactory      :67   [32m        [0;39m Setting initial instance status as: STARTING
2023-04-16 13:27:17.027 INFO  com.netflix.discovery.DiscoveryClient             :372  [32m        [0;39m Initializing Eureka in region us-east-1
2023-04-16 13:27:17.027 INFO  com.netflix.discovery.DiscoveryClient             :375  [32m        [0;39m Client configured to neither register nor query for data.
2023-04-16 13:27:17.041 INFO  com.netflix.discovery.DiscoveryClient             :390  [32m        [0;39m Discovery Client initialized at timestamp 1681622837037 with initial instances count: 0
2023-04-16 13:27:17.128 INFO  com.netflix.eureka.DefaultEurekaServerContext     :66   [32m        [0;39m Initializing ...
2023-04-16 13:27:17.136 INFO  com.netflix.eureka.cluster.PeerEurekaNodes        :187  [32m        [0;39m Adding new peer nodes [http://domain-eureka:8761/eureka/]
2023-04-16 13:27:17.500 INFO  c.n.discovery.provider.DiscoveryJerseyProvider    :70   [32m        [0;39m Using JSON encoding codec LegacyJacksonJson
2023-04-16 13:27:17.501 INFO  c.n.discovery.provider.DiscoveryJerseyProvider    :71   [32m        [0;39m Using JSON decoding codec LegacyJacksonJson
2023-04-16 13:27:17.501 INFO  c.n.discovery.provider.DiscoveryJerseyProvider    :80   [32m        [0;39m Using XML encoding codec XStreamXml
2023-04-16 13:27:17.502 INFO  c.n.discovery.provider.DiscoveryJerseyProvider    :81   [32m        [0;39m Using XML decoding codec XStreamXml
2023-04-16 13:27:17.650 INFO  com.netflix.eureka.cluster.PeerEurekaNodes        :109  [32m        [0;39m Replica node URL:  http://domain-eureka:8761/eureka/
2023-04-16 13:27:17.660 INFO  c.netflix.eureka.registry.AbstractInstanceRegistry:153  [32m        [0;39m Finished initializing remote region registries. All known remote regions: []
2023-04-16 13:27:17.661 INFO  com.netflix.eureka.DefaultEurekaServerContext     :73   [32m        [0;39m Initialized
2023-04-16 13:27:17.674 INFO  o.s.b.actuate.endpoint.web.EndpointLinksResolver  :58   [32m        [0;39m Exposing 1 endpoint(s) beneath base path '/actuator'
2023-04-16 13:27:17.833 INFO  o.s.c.n.e.serviceregistry.EurekaServiceRegistry   :41   [32m        [0;39m Registering application DOUDING-EUREKA with eureka with status UP
2023-04-16 13:27:17.838 INFO  org.apache.coyote.http11.Http11NioProtocol        :173  [32m        [0;39m Starting ProtocolHandler ["http-nio-8761"]
2023-04-16 13:27:17.838 INFO  o.s.c.netflix.eureka.server.EurekaServerBootstrap :97   [32m        [0;39m Setting the eureka configuration..
2023-04-16 13:27:17.895 INFO  o.s.c.netflix.eureka.server.EurekaServerBootstrap :148  [32m        [0;39m isAws returned false
2023-04-16 13:27:17.898 INFO  o.s.c.netflix.eureka.server.EurekaServerBootstrap :114  [32m        [0;39m Initialized server context
2023-04-16 13:27:17.899 INFO  c.n.eureka.registry.PeerAwareInstanceRegistryImpl :244  [32m        [0;39m Got 1 instances from neighboring DS node
2023-04-16 13:27:17.899 INFO  c.n.eureka.registry.PeerAwareInstanceRegistryImpl :245  [32m        [0;39m Renew threshold is: 1
2023-04-16 13:27:17.900 INFO  c.n.eureka.registry.PeerAwareInstanceRegistryImpl :256  [32m        [0;39m Changing status to UP
2023-04-16 13:27:17.907 INFO  o.s.boot.web.embedded.tomcat.TomcatWebServer      :220  [32m        [0;39m Tomcat started on port(s): 8761 (http) with context path ''
2023-04-16 13:27:17.909 INFO  o.s.c.n.e.s.EurekaAutoServiceRegistration         :144  [32m        [0;39m Updating port to 8761
2023-04-16 13:27:17.911 INFO  o.s.c.n.e.s.EurekaServerInitializerConfiguration  :69   [32m        [0;39m Started Eureka Server
2023-04-16 13:27:19.379 INFO  org.springframework.cloud.commons.util.InetUtils  :170  [32m        [0;39m Cannot determine local hostname
2023-04-16 13:27:19.403 INFO  com.douding.EurekaApplication                     :61   [32m        [0;39m Started EurekaApplication in 16.875 seconds (JVM running for 19.292)
2023-04-16 13:27:19.413 INFO  com.douding.EurekaApplication                     :21   [32m        [0;39m 启动成功！！
2023-04-16 13:27:19.413 INFO  com.douding.EurekaApplication                     :22   [32m        [0;39m Eureka地址: 	http://127.0.0.1:8761
2023-04-16 13:27:20.701 INFO  o.a.c.core.ContainerBase.[Tomcat].[localhost].[/] :173  [32m        [0;39m Initializing Spring DispatcherServlet 'dispatcherServlet'
2023-04-16 13:27:20.702 INFO  org.springframework.web.servlet.DispatcherServlet :525  [32m        [0;39m Initializing Servlet 'dispatcherServlet'
2023-04-16 13:27:20.707 INFO  org.springframework.web.servlet.DispatcherServlet :547  [32m        [0;39m Completed initialization in 4 ms
2023-04-16 13:28:06.860 INFO  c.netflix.eureka.registry.AbstractInstanceRegistry:266  [32m        [0;39m Registered instance DOUDING-CONFIG/localhost:douding-config:8888 with status UP (replication=false)
2023-04-16 13:28:07.465 INFO  c.netflix.eureka.registry.AbstractInstanceRegistry:266  [32m        [0;39m Registered instance DOUDING-CONFIG/localhost:douding-config:8888 with status UP (replication=true)
2023-04-16 13:28:17.913 INFO  c.netflix.eureka.registry.AbstractInstanceRegistry:1247 [32m        [0;39m Running the evict task with compensationTime 0ms
2023-04-16 13:28:56.894 INFO  c.netflix.eureka.registry.AbstractInstanceRegistry:266  [32m        [0;39m Registered instance API-BUSINESS/localhost:api-business:9002 with status UP (replication=false)
2023-04-16 13:28:57.419 INFO  c.netflix.eureka.registry.AbstractInstanceRegistry:266  [32m        [0;39m Registered instance API-BUSINESS/localhost:api-business:9002 with status UP (replication=true)
2023-04-16 13:29:17.928 INFO  c.netflix.eureka.registry.AbstractInstanceRegistry:1247 [32m        [0;39m Running the evict task with compensationTime 14ms
2023-04-16 13:29:36.676 WARN  c.netflix.eureka.registry.AbstractInstanceRegistry:790  [32m        [0;39m No remote registry available for the remote region us-east-1
2023-04-16 13:29:45.673 INFO  c.netflix.eureka.registry.AbstractInstanceRegistry:266  [32m        [0;39m Registered instance API-FILE/localhost:api-file:9003 with status UP (replication=false)
2023-04-16 13:29:46.204 INFO  c.netflix.eureka.registry.AbstractInstanceRegistry:266  [32m        [0;39m Registered instance API-FILE/localhost:api-file:9003 with status UP (replication=true)
2023-04-16 13:29:47.955 INFO  c.netflix.eureka.registry.AbstractInstanceRegistry:266  [32m        [0;39m Registered instance DOUDING-GATEWAY/localhost:douding-gateway:9000 with status UP (replication=false)
2023-04-16 13:29:48.487 INFO  c.netflix.eureka.registry.AbstractInstanceRegistry:266  [32m        [0;39m Registered instance DOUDING-GATEWAY/localhost:douding-gateway:9000 with status UP (replication=true)
2023-04-16 13:30:00.043 WARN  c.netflix.eureka.registry.AbstractInstanceRegistry:790  [32m        [0;39m No remote registry available for the remote region us-east-1
2023-04-16 13:30:17.942 INFO  c.netflix.eureka.registry.AbstractInstanceRegistry:1247 [32m        [0;39m Running the evict task with compensationTime 14ms
2023-04-16 13:31:17.948 INFO  c.netflix.eureka.registry.AbstractInstanceRegistry:1247 [32m        [0;39m Running the evict task with compensationTime 6ms
2023-04-16 13:32:17.961 INFO  c.netflix.eureka.registry.AbstractInstanceRegistry:1247 [32m        [0;39m Running the evict task with compensationTime 12ms
2023-04-16 13:32:25.539 INFO  c.netflix.eureka.registry.AbstractInstanceRegistry:266  [32m        [0;39m Registered instance API-SYSTEM/localhost:api-system:9001 with status UP (replication=false)
2023-04-16 13:32:26.066 INFO  c.netflix.eureka.registry.AbstractInstanceRegistry:266  [32m        [0;39m Registered instance API-SYSTEM/localhost:api-system:9001 with status UP (replication=true)
2023-04-16 13:32:30.085 WARN  c.netflix.eureka.registry.AbstractInstanceRegistry:790  [32m        [0;39m No remote registry available for the remote region us-east-1
2023-04-16 13:33:17.966 INFO  c.netflix.eureka.registry.AbstractInstanceRegistry:1247 [32m        [0;39m Running the evict task with compensationTime 5ms
2023-04-16 13:34:17.972 INFO  c.netflix.eureka.registry.AbstractInstanceRegistry:1247 [32m        [0;39m Running the evict task with compensationTime 5ms
2023-04-16 13:35:17.984 INFO  c.netflix.eureka.registry.AbstractInstanceRegistry:1247 [32m        [0;39m Running the evict task with compensationTime 12ms
2023-04-16 13:35:30.129 WARN  c.netflix.eureka.registry.AbstractInstanceRegistry:790  [32m        [0;39m No remote registry available for the remote region us-east-1
2023-04-16 13:36:17.995 INFO  c.netflix.eureka.registry.AbstractInstanceRegistry:1247 [32m        [0;39m Running the evict task with compensationTime 10ms
2023-04-16 13:37:17.995 INFO  c.netflix.eureka.registry.AbstractInstanceRegistry:1247 [32m        [0;39m Running the evict task with compensationTime 0ms
2023-04-16 13:38:18.000 INFO  c.netflix.eureka.registry.AbstractInstanceRegistry:1247 [32m        [0;39m Running the evict task with compensationTime 4ms
2023-04-16 13:38:30.192 WARN  c.netflix.eureka.registry.AbstractInstanceRegistry:790  [32m        [0;39m No remote registry available for the remote region us-east-1
2023-04-16 13:38:43.757 INFO  c.netflix.eureka.registry.AbstractInstanceRegistry:266  [32m        [0;39m Registered instance DOUDING-CONFIG/localhost:douding-config:8888 with status UP (replication=false)
2023-04-16 13:38:43.780 INFO  c.netflix.eureka.registry.AbstractInstanceRegistry:328  [32m        [0;39m Cancelled instance DOUDING-CONFIG/localhost:douding-config:8888 (replication=false)
2023-04-16 13:38:44.287 INFO  c.netflix.eureka.registry.AbstractInstanceRegistry:266  [32m        [0;39m Registered instance DOUDING-CONFIG/localhost:douding-config:8888 with status UP (replication=true)
2023-04-16 13:38:44.287 INFO  c.netflix.eureka.registry.AbstractInstanceRegistry:328  [32m        [0;39m Cancelled instance DOUDING-CONFIG/localhost:douding-config:8888 (replication=true)
2023-04-16 13:38:46.852 INFO  c.netflix.eureka.registry.AbstractInstanceRegistry:266  [32m        [0;39m Registered instance API-SYSTEM/localhost:api-system:9001 with status DOWN (replication=false)
2023-04-16 13:38:47.386 INFO  c.netflix.eureka.registry.AbstractInstanceRegistry:266  [32m        [0;39m Registered instance API-SYSTEM/localhost:api-system:9001 with status DOWN (replication=true)
2023-04-16 13:38:50.272 INFO  c.netflix.eureka.registry.AbstractInstanceRegistry:328  [32m        [0;39m Cancelled instance API-SYSTEM/localhost:api-system:9001 (replication=false)
2023-04-16 13:38:50.807 WARN  c.netflix.eureka.registry.AbstractInstanceRegistry:313  [32m        [0;39m DS: Registry: cancel failed because Lease is not registered for: API-SYSTEM/localhost:api-system:9001
2023-04-16 13:38:50.808 INFO  com.netflix.eureka.resources.InstanceResource     :288  [32m        [0;39m Not Found (Cancel): API-SYSTEM - localhost:api-system:9001
2023-04-16 13:38:50.811 WARN  com.netflix.eureka.cluster.ReplicationTask        :35   [32m        [0;39m The replication of task API-SYSTEM/localhost:api-system:9001:Cancel@domain-eureka failed with response code 404
2023-04-16 13:38:50.811 WARN  com.netflix.eureka.cluster.PeerEurekaNode         :171  [32m        [0;39m API-SYSTEM/localhost:api-system:9001:Cancel@domain-eureka: missing entry.
2023-04-16 13:39:00.196 WARN  c.netflix.eureka.registry.AbstractInstanceRegistry:790  [32m        [0;39m No remote registry available for the remote region us-east-1
2023-04-16 13:39:07.535 WARN  c.netflix.eureka.registry.AbstractInstanceRegistry:360  [32m        [0;39m DS: Registry: lease doesn't exist, registering resource: DOUDING-CONFIG - localhost:douding-config:8888
2023-04-16 13:39:07.536 WARN  com.netflix.eureka.resources.InstanceResource     :116  [32m        [0;39m Not Found (Renew): DOUDING-CONFIG - localhost:douding-config:8888
2023-04-16 13:39:07.541 INFO  c.netflix.eureka.registry.AbstractInstanceRegistry:266  [32m        [0;39m Registered instance DOUDING-CONFIG/localhost:douding-config:8888 with status UP (replication=false)
2023-04-16 13:39:08.065 INFO  c.netflix.eureka.registry.AbstractInstanceRegistry:266  [32m        [0;39m Registered instance DOUDING-CONFIG/localhost:douding-config:8888 with status UP (replication=true)
2023-04-16 13:39:09.241 INFO  c.netflix.eureka.registry.AbstractInstanceRegistry:266  [32m        [0;39m Registered instance API-SYSTEM/localhost:api-system:9001 with status UP (replication=false)
2023-04-16 13:39:09.770 INFO  c.netflix.eureka.registry.AbstractInstanceRegistry:266  [32m        [0;39m Registered instance API-SYSTEM/localhost:api-system:9001 with status UP (replication=true)
2023-04-16 13:39:18.011 INFO  c.netflix.eureka.registry.AbstractInstanceRegistry:1247 [32m        [0;39m Running the evict task with compensationTime 11ms
2023-04-16 13:39:30.201 WARN  c.netflix.eureka.registry.AbstractInstanceRegistry:790  [32m        [0;39m No remote registry available for the remote region us-east-1
2023-04-16 13:40:18.012 INFO  c.netflix.eureka.registry.AbstractInstanceRegistry:1247 [32m        [0;39m Running the evict task with compensationTime 0ms
2023-04-16 13:41:18.023 INFO  c.netflix.eureka.registry.AbstractInstanceRegistry:1247 [32m        [0;39m Running the evict task with compensationTime 11ms
2023-04-16 13:42:17.671 INFO  c.n.eureka.registry.PeerAwareInstanceRegistryImpl :552  [32m        [0;39m Current renewal threshold is : 10
2023-04-16 13:42:18.029 INFO  c.netflix.eureka.registry.AbstractInstanceRegistry:1247 [32m        [0;39m Running the evict task with compensationTime 6ms
2023-04-16 13:42:29.249 INFO  c.netflix.eureka.registry.AbstractInstanceRegistry:266  [32m        [0;39m Registered instance API-FILE/localhost:api-file:9003 with status DOWN (replication=false)
2023-04-16 13:42:29.782 INFO  c.netflix.eureka.registry.AbstractInstanceRegistry:266  [32m        [0;39m Registered instance API-FILE/localhost:api-file:9003 with status DOWN (replication=true)
2023-04-16 13:42:30.251 WARN  c.netflix.eureka.registry.AbstractInstanceRegistry:790  [32m        [0;39m No remote registry available for the remote region us-east-1
2023-04-16 13:42:32.691 INFO  c.netflix.eureka.registry.AbstractInstanceRegistry:328  [32m        [0;39m Cancelled instance API-FILE/localhost:api-file:9003 (replication=false)
2023-04-16 13:42:33.222 WARN  c.netflix.eureka.registry.AbstractInstanceRegistry:313  [32m        [0;39m DS: Registry: cancel failed because Lease is not registered for: API-FILE/localhost:api-file:9003
2023-04-16 13:42:33.223 INFO  com.netflix.eureka.resources.InstanceResource     :288  [32m        [0;39m Not Found (Cancel): API-FILE - localhost:api-file:9003
2023-04-16 13:42:33.224 WARN  com.netflix.eureka.cluster.ReplicationTask        :35   [32m        [0;39m The replication of task API-FILE/localhost:api-file:9003:Cancel@domain-eureka failed with response code 404
2023-04-16 13:42:33.225 WARN  com.netflix.eureka.cluster.PeerEurekaNode         :171  [32m        [0;39m API-FILE/localhost:api-file:9003:Cancel@domain-eureka: missing entry.
2023-04-16 13:42:53.189 INFO  c.netflix.eureka.registry.AbstractInstanceRegistry:266  [32m        [0;39m Registered instance API-FILE/localhost:api-file:9003 with status UP (replication=false)
2023-04-16 13:42:53.729 INFO  c.netflix.eureka.registry.AbstractInstanceRegistry:266  [32m        [0;39m Registered instance API-FILE/localhost:api-file:9003 with status UP (replication=true)
2023-04-16 13:43:00.265 WARN  c.netflix.eureka.registry.AbstractInstanceRegistry:790  [32m        [0;39m No remote registry available for the remote region us-east-1
2023-04-16 13:43:18.034 INFO  c.netflix.eureka.registry.AbstractInstanceRegistry:1247 [32m        [0;39m Running the evict task with compensationTime 4ms
2023-04-16 13:44:18.037 INFO  c.netflix.eureka.registry.AbstractInstanceRegistry:1247 [32m        [0;39m Running the evict task with compensationTime 2ms
2023-04-16 13:45:18.045 INFO  c.netflix.eureka.registry.AbstractInstanceRegistry:1247 [32m        [0;39m Running the evict task with compensationTime 8ms
2023-04-16 13:46:00.302 WARN  c.netflix.eureka.registry.AbstractInstanceRegistry:790  [32m        [0;39m No remote registry available for the remote region us-east-1
2023-04-16 13:46:18.056 INFO  c.netflix.eureka.registry.AbstractInstanceRegistry:1247 [32m        [0;39m Running the evict task with compensationTime 11ms
2023-04-16 13:46:39.920 INFO  c.netflix.eureka.registry.AbstractInstanceRegistry:266  [32m        [0;39m Registered instance API-FILE/localhost:api-file:9003 with status DOWN (replication=false)
2023-04-16 13:46:40.106 INFO  c.netflix.eureka.registry.AbstractInstanceRegistry:266  [32m        [0;39m Registered instance API-FILE/localhost:api-file:9003 with status DOWN (replication=true)
2023-04-16 13:46:43.276 INFO  c.netflix.eureka.registry.AbstractInstanceRegistry:328  [32m        [0;39m Cancelled instance API-FILE/localhost:api-file:9003 (replication=false)
2023-04-16 13:46:43.801 WARN  c.netflix.eureka.registry.AbstractInstanceRegistry:313  [32m        [0;39m DS: Registry: cancel failed because Lease is not registered for: API-FILE/localhost:api-file:9003
2023-04-16 13:46:43.801 INFO  com.netflix.eureka.resources.InstanceResource     :288  [32m        [0;39m Not Found (Cancel): API-FILE - localhost:api-file:9003
2023-04-16 13:46:43.802 WARN  com.netflix.eureka.cluster.ReplicationTask        :35   [32m        [0;39m The replication of task API-FILE/localhost:api-file:9003:Cancel@domain-eureka failed with response code 404
2023-04-16 13:46:43.802 WARN  com.netflix.eureka.cluster.PeerEurekaNode         :171  [32m        [0;39m API-FILE/localhost:api-file:9003:Cancel@domain-eureka: missing entry.
2023-04-16 13:47:00.307 WARN  c.netflix.eureka.registry.AbstractInstanceRegistry:790  [32m        [0;39m No remote registry available for the remote region us-east-1
2023-04-16 13:47:18.060 INFO  c.netflix.eureka.registry.AbstractInstanceRegistry:1247 [32m        [0;39m Running the evict task with compensationTime 3ms
2023-04-16 13:47:20.399 INFO  c.netflix.eureka.registry.AbstractInstanceRegistry:266  [32m        [0;39m Registered instance API-FILE/localhost:api-file:9003 with status UP (replication=false)
2023-04-16 13:47:20.926 INFO  c.netflix.eureka.registry.AbstractInstanceRegistry:266  [32m        [0;39m Registered instance API-FILE/localhost:api-file:9003 with status UP (replication=true)
2023-04-16 13:47:30.319 WARN  c.netflix.eureka.registry.AbstractInstanceRegistry:790  [32m        [0;39m No remote registry available for the remote region us-east-1
2023-04-16 13:48:18.068 INFO  c.netflix.eureka.registry.AbstractInstanceRegistry:1247 [32m        [0;39m Running the evict task with compensationTime 7ms
2023-04-16 13:49:18.068 INFO  c.netflix.eureka.registry.AbstractInstanceRegistry:1247 [32m        [0;39m Running the evict task with compensationTime 0ms
2023-04-16 13:50:18.076 INFO  c.netflix.eureka.registry.AbstractInstanceRegistry:1247 [32m        [0;39m Running the evict task with compensationTime 7ms
2023-04-16 13:50:30.366 WARN  c.netflix.eureka.registry.AbstractInstanceRegistry:790  [32m        [0;39m No remote registry available for the remote region us-east-1
2023-04-16 13:51:18.081 INFO  c.netflix.eureka.registry.AbstractInstanceRegistry:1247 [32m        [0;39m Running the evict task with compensationTime 5ms
2023-04-16 13:52:18.084 INFO  c.netflix.eureka.registry.AbstractInstanceRegistry:1247 [32m        [0;39m Running the evict task with compensationTime 2ms
2023-04-16 13:53:18.091 INFO  c.netflix.eureka.registry.AbstractInstanceRegistry:1247 [32m        [0;39m Running the evict task with compensationTime 7ms
2023-04-16 13:53:30.405 WARN  c.netflix.eureka.registry.AbstractInstanceRegistry:790  [32m        [0;39m No remote registry available for the remote region us-east-1
2023-04-16 13:54:18.102 INFO  c.netflix.eureka.registry.AbstractInstanceRegistry:1247 [32m        [0;39m Running the evict task with compensationTime 11ms
2023-04-16 13:55:18.117 INFO  c.netflix.eureka.registry.AbstractInstanceRegistry:1247 [32m        [0;39m Running the evict task with compensationTime 14ms
2023-04-16 13:56:18.120 INFO  c.netflix.eureka.registry.AbstractInstanceRegistry:1247 [32m        [0;39m Running the evict task with compensationTime 3ms
2023-04-16 13:56:30.440 WARN  c.netflix.eureka.registry.AbstractInstanceRegistry:790  [32m        [0;39m No remote registry available for the remote region us-east-1
2023-04-16 13:57:17.683 INFO  c.n.eureka.registry.PeerAwareInstanceRegistryImpl :552  [32m        [0;39m Current renewal threshold is : 10
2023-04-16 13:57:18.120 INFO  c.netflix.eureka.registry.AbstractInstanceRegistry:1247 [32m        [0;39m Running the evict task with compensationTime 0ms
2023-04-16 13:58:18.122 INFO  c.netflix.eureka.registry.AbstractInstanceRegistry:1247 [32m        [0;39m Running the evict task with compensationTime 1ms
2023-04-16 13:59:18.123 INFO  c.netflix.eureka.registry.AbstractInstanceRegistry:1247 [32m        [0;39m Running the evict task with compensationTime 1ms
2023-04-16 13:59:30.507 WARN  c.netflix.eureka.registry.AbstractInstanceRegistry:790  [32m        [0;39m No remote registry available for the remote region us-east-1
2023-04-16 14:00:18.126 INFO  c.netflix.eureka.registry.AbstractInstanceRegistry:1247 [32m        [0;39m Running the evict task with compensationTime 2ms
2023-04-16 14:00:18.128 INFO  c.netflix.eureka.registry.AbstractInstanceRegistry:618  [32m        [0;39m Evicting 1 items (expired=1, evictionLimit=1)
2023-04-16 14:00:18.134 WARN  c.netflix.eureka.registry.AbstractInstanceRegistry:630  [32m        [0;39m DS: Registry: expired lease for API-FILE/localhost:api-file:9003
2023-04-16 14:00:18.135 INFO  c.netflix.eureka.registry.AbstractInstanceRegistry:328  [32m        [0;39m Cancelled instance API-FILE/localhost:api-file:9003 (replication=false)
2023-04-16 14:00:30.518 WARN  c.netflix.eureka.registry.AbstractInstanceRegistry:790  [32m        [0;39m No remote registry available for the remote region us-east-1
2023-04-16 14:01:18.132 INFO  c.netflix.eureka.registry.AbstractInstanceRegistry:1247 [32m        [0;39m Running the evict task with compensationTime 6ms
2023-04-16 14:02:18.134 INFO  c.netflix.eureka.registry.AbstractInstanceRegistry:1247 [32m        [0;39m Running the evict task with compensationTime 2ms
2023-04-16 14:03:18.141 INFO  c.netflix.eureka.registry.AbstractInstanceRegistry:1247 [32m        [0;39m Running the evict task with compensationTime 6ms
2023-04-16 14:03:30.547 WARN  c.netflix.eureka.registry.AbstractInstanceRegistry:790  [32m        [0;39m No remote registry available for the remote region us-east-1
2023-04-16 14:04:15.968 WARN  c.netflix.eureka.registry.AbstractInstanceRegistry:360  [32m        [0;39m DS: Registry: lease doesn't exist, registering resource: API-FILE - localhost:api-file:9003
2023-04-16 14:04:15.969 WARN  com.netflix.eureka.resources.InstanceResource     :116  [32m        [0;39m Not Found (Renew): API-FILE - localhost:api-file:9003
2023-04-16 14:04:18.147 INFO  c.netflix.eureka.registry.AbstractInstanceRegistry:1247 [32m        [0;39m Running the evict task with compensationTime 6ms
2023-04-16 14:04:30.762 INFO  c.netflix.eureka.registry.AbstractInstanceRegistry:266  [32m        [0;39m Registered instance API-FILE/localhost:api-file:9003 with status UP (replication=false)
2023-04-16 14:04:31.302 INFO  c.netflix.eureka.registry.AbstractInstanceRegistry:266  [32m        [0;39m Registered instance API-FILE/localhost:api-file:9003 with status UP (replication=true)
2023-04-16 14:05:00.568 WARN  c.netflix.eureka.registry.AbstractInstanceRegistry:790  [32m        [0;39m No remote registry available for the remote region us-east-1
2023-04-16 14:05:18.158 INFO  c.netflix.eureka.registry.AbstractInstanceRegistry:1247 [32m        [0;39m Running the evict task with compensationTime 10ms
2023-04-16 14:06:18.163 INFO  c.netflix.eureka.registry.AbstractInstanceRegistry:1247 [32m        [0;39m Running the evict task with compensationTime 4ms
2023-04-16 14:06:18.165 INFO  c.netflix.eureka.registry.AbstractInstanceRegistry:618  [32m        [0;39m Evicting 1 items (expired=1, evictionLimit=1)
2023-04-16 14:06:18.165 WARN  c.netflix.eureka.registry.AbstractInstanceRegistry:630  [32m        [0;39m DS: Registry: expired lease for API-FILE/localhost:api-file:9003
2023-04-16 14:06:18.166 INFO  c.netflix.eureka.registry.AbstractInstanceRegistry:328  [32m        [0;39m Cancelled instance API-FILE/localhost:api-file:9003 (replication=false)
2023-04-16 14:06:30.591 WARN  c.netflix.eureka.registry.AbstractInstanceRegistry:790  [32m        [0;39m No remote registry available for the remote region us-east-1
2023-04-16 14:06:45.013 WARN  c.netflix.eureka.registry.AbstractInstanceRegistry:360  [32m        [0;39m DS: Registry: lease doesn't exist, registering resource: API-FILE - localhost:api-file:9003
2023-04-16 14:06:45.014 WARN  com.netflix.eureka.resources.InstanceResource     :116  [32m        [0;39m Not Found (Renew): API-FILE - localhost:api-file:9003
2023-04-16 14:06:45.018 INFO  c.netflix.eureka.registry.AbstractInstanceRegistry:266  [32m        [0;39m Registered instance API-FILE/localhost:api-file:9003 with status UP (replication=false)
2023-04-16 14:06:45.075 INFO  c.netflix.eureka.registry.AbstractInstanceRegistry:266  [32m        [0;39m Registered instance API-FILE/localhost:api-file:9003 with status DOWN (replication=false)
2023-04-16 14:06:45.638 INFO  c.netflix.eureka.registry.AbstractInstanceRegistry:266  [32m        [0;39m Registered instance API-FILE/localhost:api-file:9003 with status DOWN (replication=true)
2023-04-16 14:06:48.429 INFO  c.netflix.eureka.registry.AbstractInstanceRegistry:328  [32m        [0;39m Cancelled instance API-FILE/localhost:api-file:9003 (replication=false)
2023-04-16 14:06:48.974 WARN  c.netflix.eureka.registry.AbstractInstanceRegistry:313  [32m        [0;39m DS: Registry: cancel failed because Lease is not registered for: API-FILE/localhost:api-file:9003
2023-04-16 14:06:48.975 INFO  com.netflix.eureka.resources.InstanceResource     :288  [32m        [0;39m Not Found (Cancel): API-FILE - localhost:api-file:9003
2023-04-16 14:06:48.976 WARN  com.netflix.eureka.cluster.ReplicationTask        :35   [32m        [0;39m The replication of task API-FILE/localhost:api-file:9003:Cancel@domain-eureka failed with response code 404
2023-04-16 14:06:48.976 WARN  com.netflix.eureka.cluster.PeerEurekaNode         :171  [32m        [0;39m API-FILE/localhost:api-file:9003:Cancel@domain-eureka: missing entry.
2023-04-16 14:07:00.597 WARN  c.netflix.eureka.registry.AbstractInstanceRegistry:790  [32m        [0;39m No remote registry available for the remote region us-east-1
2023-04-16 14:07:11.684 INFO  c.netflix.eureka.registry.AbstractInstanceRegistry:266  [32m        [0;39m Registered instance API-FILE/localhost:api-file:9003 with status UP (replication=false)
2023-04-16 14:07:12.218 INFO  c.netflix.eureka.registry.AbstractInstanceRegistry:266  [32m        [0;39m Registered instance API-FILE/localhost:api-file:9003 with status UP (replication=true)
2023-04-16 14:07:18.173 INFO  c.netflix.eureka.registry.AbstractInstanceRegistry:1247 [32m        [0;39m Running the evict task with compensationTime 10ms
2023-04-16 14:07:30.608 WARN  c.netflix.eureka.registry.AbstractInstanceRegistry:790  [32m        [0;39m No remote registry available for the remote region us-east-1
2023-04-16 14:08:18.178 INFO  c.netflix.eureka.registry.AbstractInstanceRegistry:1247 [32m        [0;39m Running the evict task with compensationTime 4ms
2023-04-16 14:09:18.190 INFO  c.netflix.eureka.registry.AbstractInstanceRegistry:1247 [32m        [0;39m Running the evict task with compensationTime 11ms
2023-04-16 14:10:18.191 INFO  c.netflix.eureka.registry.AbstractInstanceRegistry:1247 [32m        [0;39m Running the evict task with compensationTime 0ms
2023-04-16 14:10:30.670 WARN  c.netflix.eureka.registry.AbstractInstanceRegistry:790  [32m        [0;39m No remote registry available for the remote region us-east-1
2023-04-16 14:11:18.202 INFO  c.netflix.eureka.registry.AbstractInstanceRegistry:1247 [32m        [0;39m Running the evict task with compensationTime 10ms
2023-04-16 14:12:17.695 INFO  c.n.eureka.registry.PeerAwareInstanceRegistryImpl :552  [32m        [0;39m Current renewal threshold is : 10
2023-04-16 14:12:18.212 INFO  c.netflix.eureka.registry.AbstractInstanceRegistry:1247 [32m        [0;39m Running the evict task with compensationTime 10ms
2023-04-16 14:12:36.468 INFO  c.netflix.eureka.registry.AbstractInstanceRegistry:266  [32m        [0;39m Registered instance API-FILE/localhost:api-file:9003 with status DOWN (replication=false)
2023-04-16 14:12:37.012 INFO  c.netflix.eureka.registry.AbstractInstanceRegistry:266  [32m        [0;39m Registered instance API-FILE/localhost:api-file:9003 with status DOWN (replication=true)
2023-04-16 14:12:39.802 INFO  c.netflix.eureka.registry.AbstractInstanceRegistry:328  [32m        [0;39m Cancelled instance API-FILE/localhost:api-file:9003 (replication=false)
2023-04-16 14:12:40.346 WARN  c.netflix.eureka.registry.AbstractInstanceRegistry:313  [32m        [0;39m DS: Registry: cancel failed because Lease is not registered for: API-FILE/localhost:api-file:9003
2023-04-16 14:12:40.348 INFO  com.netflix.eureka.resources.InstanceResource     :288  [32m        [0;39m Not Found (Cancel): API-FILE - localhost:api-file:9003
2023-04-16 14:12:40.360 WARN  com.netflix.eureka.cluster.ReplicationTask        :35   [32m        [0;39m The replication of task API-FILE/localhost:api-file:9003:Cancel@domain-eureka failed with response code 404
2023-04-16 14:12:40.361 WARN  com.netflix.eureka.cluster.PeerEurekaNode         :171  [32m        [0;39m API-FILE/localhost:api-file:9003:Cancel@domain-eureka: missing entry.
2023-04-16 14:12:59.887 INFO  c.netflix.eureka.registry.AbstractInstanceRegistry:266  [32m        [0;39m Registered instance API-FILE/localhost:api-file:9003 with status UP (replication=false)
2023-04-16 14:13:00.047 INFO  c.netflix.eureka.registry.AbstractInstanceRegistry:266  [32m        [0;39m Registered instance API-FILE/localhost:api-file:9003 with status UP (replication=true)
2023-04-16 14:13:00.718 WARN  c.netflix.eureka.registry.AbstractInstanceRegistry:790  [32m        [0;39m No remote registry available for the remote region us-east-1
2023-04-16 14:13:18.218 INFO  c.netflix.eureka.registry.AbstractInstanceRegistry:1247 [32m        [0;39m Running the evict task with compensationTime 5ms
2023-04-16 14:14:18.284 INFO  c.netflix.eureka.registry.AbstractInstanceRegistry:1247 [32m        [0;39m Running the evict task with compensationTime 66ms
2023-04-16 14:14:46.200 INFO  c.netflix.eureka.registry.AbstractInstanceRegistry:266  [32m        [0;39m Registered instance API-FILE/localhost:api-file:9003 with status DOWN (replication=false)
2023-04-16 14:14:46.734 INFO  c.netflix.eureka.registry.AbstractInstanceRegistry:266  [32m        [0;39m Registered instance API-FILE/localhost:api-file:9003 with status DOWN (replication=true)
2023-04-16 14:14:49.568 INFO  c.netflix.eureka.registry.AbstractInstanceRegistry:328  [32m        [0;39m Cancelled instance API-FILE/localhost:api-file:9003 (replication=false)
2023-04-16 14:14:50.113 WARN  c.netflix.eureka.registry.AbstractInstanceRegistry:313  [32m        [0;39m DS: Registry: cancel failed because Lease is not registered for: API-FILE/localhost:api-file:9003
2023-04-16 14:14:50.114 INFO  com.netflix.eureka.resources.InstanceResource     :288  [32m        [0;39m Not Found (Cancel): API-FILE - localhost:api-file:9003
2023-04-16 14:14:50.130 WARN  com.netflix.eureka.cluster.ReplicationTask        :35   [32m        [0;39m The replication of task API-FILE/localhost:api-file:9003:Cancel@domain-eureka failed with response code 404
2023-04-16 14:14:50.130 WARN  com.netflix.eureka.cluster.PeerEurekaNode         :171  [32m        [0;39m API-FILE/localhost:api-file:9003:Cancel@domain-eureka: missing entry.
2023-04-16 14:15:00.738 WARN  c.netflix.eureka.registry.AbstractInstanceRegistry:790  [32m        [0;39m No remote registry available for the remote region us-east-1
2023-04-16 14:15:07.131 INFO  c.netflix.eureka.registry.AbstractInstanceRegistry:266  [32m        [0;39m Registered instance API-FILE/localhost:api-file:9003 with status UP (replication=false)
2023-04-16 14:15:07.679 INFO  c.netflix.eureka.registry.AbstractInstanceRegistry:266  [32m        [0;39m Registered instance API-FILE/localhost:api-file:9003 with status UP (replication=true)
2023-04-16 14:15:18.285 INFO  c.netflix.eureka.registry.AbstractInstanceRegistry:1247 [32m        [0;39m Running the evict task with compensationTime 0ms
2023-04-16 14:15:30.743 WARN  c.netflix.eureka.registry.AbstractInstanceRegistry:790  [32m        [0;39m No remote registry available for the remote region us-east-1
2023-04-16 14:16:18.286 INFO  c.netflix.eureka.registry.AbstractInstanceRegistry:1247 [32m        [0;39m Running the evict task with compensationTime 0ms
2023-04-16 14:17:18.289 INFO  c.netflix.eureka.registry.AbstractInstanceRegistry:1247 [32m        [0;39m Running the evict task with compensationTime 3ms
2023-04-16 14:18:18.295 INFO  c.netflix.eureka.registry.AbstractInstanceRegistry:1247 [32m        [0;39m Running the evict task with compensationTime 5ms
2023-04-16 14:18:30.799 WARN  c.netflix.eureka.registry.AbstractInstanceRegistry:790  [32m        [0;39m No remote registry available for the remote region us-east-1
2023-04-16 14:19:18.300 INFO  c.netflix.eureka.registry.AbstractInstanceRegistry:1247 [32m        [0;39m Running the evict task with compensationTime 4ms
2023-04-16 14:20:18.303 INFO  c.netflix.eureka.registry.AbstractInstanceRegistry:1247 [32m        [0;39m Running the evict task with compensationTime 2ms
2023-04-16 14:21:18.308 INFO  c.netflix.eureka.registry.AbstractInstanceRegistry:1247 [32m        [0;39m Running the evict task with compensationTime 5ms
2023-04-16 14:21:30.858 WARN  c.netflix.eureka.registry.AbstractInstanceRegistry:790  [32m        [0;39m No remote registry available for the remote region us-east-1
2023-04-16 14:22:18.320 INFO  c.netflix.eureka.registry.AbstractInstanceRegistry:1247 [32m        [0;39m Running the evict task with compensationTime 11ms
2023-04-16 14:23:18.328 INFO  c.netflix.eureka.registry.AbstractInstanceRegistry:1247 [32m        [0;39m Running the evict task with compensationTime 7ms
2023-04-16 14:24:18.331 INFO  c.netflix.eureka.registry.AbstractInstanceRegistry:1247 [32m        [0;39m Running the evict task with compensationTime 2ms
2023-04-16 14:24:30.888 WARN  c.netflix.eureka.registry.AbstractInstanceRegistry:790  [32m        [0;39m No remote registry available for the remote region us-east-1
2023-04-16 14:25:18.339 INFO  c.netflix.eureka.registry.AbstractInstanceRegistry:1247 [32m        [0;39m Running the evict task with compensationTime 8ms
2023-04-16 14:26:18.343 INFO  c.netflix.eureka.registry.AbstractInstanceRegistry:1247 [32m        [0;39m Running the evict task with compensationTime 3ms
2023-04-16 14:27:17.705 INFO  c.n.eureka.registry.PeerAwareInstanceRegistryImpl :552  [32m        [0;39m Current renewal threshold is : 10
2023-04-16 14:27:18.352 INFO  c.netflix.eureka.registry.AbstractInstanceRegistry:1247 [32m        [0;39m Running the evict task with compensationTime 8ms
2023-04-16 14:27:30.936 WARN  c.netflix.eureka.registry.AbstractInstanceRegistry:790  [32m        [0;39m No remote registry available for the remote region us-east-1
2023-04-16 14:28:18.354 INFO  c.netflix.eureka.registry.AbstractInstanceRegistry:1247 [32m        [0;39m Running the evict task with compensationTime 2ms
2023-04-16 14:29:18.359 INFO  c.netflix.eureka.registry.AbstractInstanceRegistry:1247 [32m        [0;39m Running the evict task with compensationTime 4ms
2023-04-16 14:30:18.373 INFO  c.netflix.eureka.registry.AbstractInstanceRegistry:1247 [32m        [0;39m Running the evict task with compensationTime 14ms
2023-04-16 14:30:30.978 WARN  c.netflix.eureka.registry.AbstractInstanceRegistry:790  [32m        [0;39m No remote registry available for the remote region us-east-1
2023-04-16 14:31:18.388 INFO  c.netflix.eureka.registry.AbstractInstanceRegistry:1247 [32m        [0;39m Running the evict task with compensationTime 14ms
2023-04-16 14:32:18.393 INFO  c.netflix.eureka.registry.AbstractInstanceRegistry:1247 [32m        [0;39m Running the evict task with compensationTime 4ms
2023-04-16 14:33:18.405 INFO  c.netflix.eureka.registry.AbstractInstanceRegistry:1247 [32m        [0;39m Running the evict task with compensationTime 12ms
2023-04-16 14:33:31.022 WARN  c.netflix.eureka.registry.AbstractInstanceRegistry:790  [32m        [0;39m No remote registry available for the remote region us-east-1
2023-04-16 14:34:18.410 INFO  c.netflix.eureka.registry.AbstractInstanceRegistry:1247 [32m        [0;39m Running the evict task with compensationTime 4ms
2023-04-16 14:35:18.412 INFO  c.netflix.eureka.registry.AbstractInstanceRegistry:1247 [32m        [0;39m Running the evict task with compensationTime 1ms
2023-04-16 14:36:18.424 INFO  c.netflix.eureka.registry.AbstractInstanceRegistry:1247 [32m        [0;39m Running the evict task with compensationTime 12ms
2023-04-16 14:36:31.080 WARN  c.netflix.eureka.registry.AbstractInstanceRegistry:790  [32m        [0;39m No remote registry available for the remote region us-east-1
2023-04-16 14:37:18.434 INFO  c.netflix.eureka.registry.AbstractInstanceRegistry:1247 [32m        [0;39m Running the evict task with compensationTime 10ms
2023-04-16 14:38:18.435 INFO  c.netflix.eureka.registry.AbstractInstanceRegistry:1247 [32m        [0;39m Running the evict task with compensationTime 1ms
2023-04-16 14:39:18.444 INFO  c.netflix.eureka.registry.AbstractInstanceRegistry:1247 [32m        [0;39m Running the evict task with compensationTime 8ms
2023-04-16 14:39:31.136 WARN  c.netflix.eureka.registry.AbstractInstanceRegistry:790  [32m        [0;39m No remote registry available for the remote region us-east-1
2023-04-16 14:40:18.445 INFO  c.netflix.eureka.registry.AbstractInstanceRegistry:1247 [32m        [0;39m Running the evict task with compensationTime 1ms
2023-04-16 14:41:18.461 INFO  c.netflix.eureka.registry.AbstractInstanceRegistry:1247 [32m        [0;39m Running the evict task with compensationTime 15ms
2023-04-16 14:42:17.716 INFO  c.n.eureka.registry.PeerAwareInstanceRegistryImpl :552  [32m        [0;39m Current renewal threshold is : 10
2023-04-16 14:42:18.465 INFO  c.netflix.eureka.registry.AbstractInstanceRegistry:1247 [32m        [0;39m Running the evict task with compensationTime 4ms
2023-04-16 14:42:31.190 WARN  c.netflix.eureka.registry.AbstractInstanceRegistry:790  [32m        [0;39m No remote registry available for the remote region us-east-1
2023-04-16 14:43:18.467 INFO  c.netflix.eureka.registry.AbstractInstanceRegistry:1247 [32m        [0;39m Running the evict task with compensationTime 2ms
2023-04-16 14:44:18.480 INFO  c.netflix.eureka.registry.AbstractInstanceRegistry:1247 [32m        [0;39m Running the evict task with compensationTime 12ms
2023-04-16 14:45:18.484 INFO  c.netflix.eureka.registry.AbstractInstanceRegistry:1247 [32m        [0;39m Running the evict task with compensationTime 4ms
2023-04-16 14:45:31.240 WARN  c.netflix.eureka.registry.AbstractInstanceRegistry:790  [32m        [0;39m No remote registry available for the remote region us-east-1
2023-04-16 14:46:18.496 INFO  c.netflix.eureka.registry.AbstractInstanceRegistry:1247 [32m        [0;39m Running the evict task with compensationTime 11ms
2023-04-16 14:47:18.507 INFO  c.netflix.eureka.registry.AbstractInstanceRegistry:1247 [32m        [0;39m Running the evict task with compensationTime 11ms
2023-04-16 14:48:18.521 INFO  c.netflix.eureka.registry.AbstractInstanceRegistry:1247 [32m        [0;39m Running the evict task with compensationTime 13ms
2023-04-16 14:48:31.291 WARN  c.netflix.eureka.registry.AbstractInstanceRegistry:790  [32m        [0;39m No remote registry available for the remote region us-east-1
2023-04-16 14:49:18.534 INFO  c.netflix.eureka.registry.AbstractInstanceRegistry:1247 [32m        [0;39m Running the evict task with compensationTime 13ms
2023-04-16 14:50:18.543 INFO  c.netflix.eureka.registry.AbstractInstanceRegistry:1247 [32m        [0;39m Running the evict task with compensationTime 8ms
2023-04-16 14:51:18.554 INFO  c.netflix.eureka.registry.AbstractInstanceRegistry:1247 [32m        [0;39m Running the evict task with compensationTime 11ms
2023-04-16 14:51:31.336 WARN  c.netflix.eureka.registry.AbstractInstanceRegistry:790  [32m        [0;39m No remote registry available for the remote region us-east-1
2023-04-16 14:52:18.561 INFO  c.netflix.eureka.registry.AbstractInstanceRegistry:1247 [32m        [0;39m Running the evict task with compensationTime 6ms
2023-04-16 14:53:18.571 INFO  c.netflix.eureka.registry.AbstractInstanceRegistry:1247 [32m        [0;39m Running the evict task with compensationTime 9ms
2023-04-16 14:54:18.582 INFO  c.netflix.eureka.registry.AbstractInstanceRegistry:1247 [32m        [0;39m Running the evict task with compensationTime 10ms
2023-04-16 14:54:31.388 WARN  c.netflix.eureka.registry.AbstractInstanceRegistry:790  [32m        [0;39m No remote registry available for the remote region us-east-1
2023-04-16 14:55:18.583 INFO  c.netflix.eureka.registry.AbstractInstanceRegistry:1247 [32m        [0;39m Running the evict task with compensationTime 1ms
2023-04-16 14:56:18.599 INFO  c.netflix.eureka.registry.AbstractInstanceRegistry:1247 [32m        [0;39m Running the evict task with compensationTime 15ms
2023-04-16 14:57:17.721 INFO  c.n.eureka.registry.PeerAwareInstanceRegistryImpl :552  [32m        [0;39m Current renewal threshold is : 10
2023-04-16 14:57:18.611 INFO  c.netflix.eureka.registry.AbstractInstanceRegistry:1247 [32m        [0;39m Running the evict task with compensationTime 12ms
2023-04-16 14:57:31.436 WARN  c.netflix.eureka.registry.AbstractInstanceRegistry:790  [32m        [0;39m No remote registry available for the remote region us-east-1
2023-04-16 14:58:18.621 INFO  c.netflix.eureka.registry.AbstractInstanceRegistry:1247 [32m        [0;39m Running the evict task with compensationTime 9ms
2023-04-16 14:59:18.625 INFO  c.netflix.eureka.registry.AbstractInstanceRegistry:1247 [32m        [0;39m Running the evict task with compensationTime 4ms
2023-04-16 15:00:18.637 INFO  c.netflix.eureka.registry.AbstractInstanceRegistry:1247 [32m        [0;39m Running the evict task with compensationTime 12ms
2023-04-16 15:00:31.472 WARN  c.netflix.eureka.registry.AbstractInstanceRegistry:790  [32m        [0;39m No remote registry available for the remote region us-east-1
2023-04-16 15:01:18.652 INFO  c.netflix.eureka.registry.AbstractInstanceRegistry:1247 [32m        [0;39m Running the evict task with compensationTime 14ms
2023-04-16 15:02:18.666 INFO  c.netflix.eureka.registry.AbstractInstanceRegistry:1247 [32m        [0;39m Running the evict task with compensationTime 11ms
