2023-04-16 13:07:27.090 INFO  org.hibernate.validator.internal.util.Version     :21   [32m        [0;39m HV000001: Hibernate Validator 6.2.0.Final
2023-04-16 13:07:27.144 INFO  o.s.b.d.env.DevToolsPropertyDefaultsPostProcessor :255  [32m        [0;39m Devtools property defaults active! Set 'spring.devtools.add-properties' to 'false' to disable
2023-04-16 13:07:29.837 INFO  o.s.c.c.client.ConfigServicePropertySourceLocator :226  [32m        [0;39m Fetching config from server at : http://domain-config:8888/
2023-04-16 13:07:29.958 INFO  o.s.c.c.client.ConfigServicePropertySourceLocator :248  [32m        [0;39m Connect Timeout Exception on Url - http://domain-config:8888/. Will be trying the next url if available
2023-04-16 13:07:29.994 ERROR org.springframework.boot.SpringApplication        :843  [32m        [0;39m Application run failed
java.lang.IllegalStateException: Could not locate PropertySource and the fail fast property is set, failing
	at org.springframework.cloud.config.client.ConfigServicePropertySourceLocator.locate(ConfigServicePropertySourceLocator.java:133)
	at org.springframework.cloud.bootstrap.config.PropertySourceLocator.locateCollection(PropertySourceLocator.java:51)
	at org.springframework.cloud.config.client.ConfigServicePropertySourceLocator.locateCollection(ConfigServicePropertySourceLocator.java:145)
	at org.springframework.cloud.bootstrap.config.PropertySourceBootstrapConfiguration.initialize(PropertySourceBootstrapConfiguration.java:95)
	at org.springframework.boot.SpringApplication.applyInitializers(SpringApplication.java:634)
	at org.springframework.boot.SpringApplication.prepareContext(SpringApplication.java:403)
	at org.springframework.boot.SpringApplication.run(SpringApplication.java:337)
	at com.douding.system.SystemApplication.main(SystemApplication.java:24)
	at java.base/jdk.internal.reflect.NativeMethodAccessorImpl.invoke0(Native Method)
	at java.base/jdk.internal.reflect.NativeMethodAccessorImpl.invoke(NativeMethodAccessorImpl.java:62)
	at java.base/jdk.internal.reflect.DelegatingMethodAccessorImpl.invoke(DelegatingMethodAccessorImpl.java:43)
	at java.base/java.lang.reflect.Method.invoke(Method.java:566)
	at org.springframework.boot.devtools.restart.RestartLauncher.run(RestartLauncher.java:49)
Caused by: org.springframework.web.client.ResourceAccessException: I/O error on GET request for "http://domain-config:8888/api-system/dev/dev": Connection refused: connect; nested exception is java.net.ConnectException: Connection refused: connect
	at org.springframework.web.client.RestTemplate.doExecute(RestTemplate.java:785)
	at org.springframework.web.client.RestTemplate.execute(RestTemplate.java:711)
	at org.springframework.web.client.RestTemplate.exchange(RestTemplate.java:602)
	at org.springframework.cloud.config.client.ConfigServicePropertySourceLocator.getRemoteEnvironment(ConfigServicePropertySourceLocator.java:240)
	at org.springframework.cloud.config.client.ConfigServicePropertySourceLocator.locate(ConfigServicePropertySourceLocator.java:94)
	... 12 common frames omitted
Caused by: java.net.ConnectException: Connection refused: connect
	at java.base/java.net.PlainSocketImpl.waitForConnect(Native Method)
	at java.base/java.net.PlainSocketImpl.socketConnect(PlainSocketImpl.java:107)
	at java.base/java.net.AbstractPlainSocketImpl.doConnect(AbstractPlainSocketImpl.java:412)
	at java.base/java.net.AbstractPlainSocketImpl.connectToAddress(AbstractPlainSocketImpl.java:255)
	at java.base/java.net.AbstractPlainSocketImpl.connect(AbstractPlainSocketImpl.java:237)
	at java.base/java.net.Socket.connect(Socket.java:609)
	at java.base/sun.net.NetworkClient.doConnect(NetworkClient.java:177)
	at java.base/sun.net.www.http.HttpClient.openServer(HttpClient.java:508)
	at java.base/sun.net.www.http.HttpClient.openServer(HttpClient.java:603)
	at java.base/sun.net.www.http.HttpClient.<init>(HttpClient.java:276)
	at java.base/sun.net.www.http.HttpClient.New(HttpClient.java:375)
	at java.base/sun.net.www.http.HttpClient.New(HttpClient.java:396)
	at java.base/sun.net.www.protocol.http.HttpURLConnection.getNewHttpClient(HttpURLConnection.java:1253)
	at java.base/sun.net.www.protocol.http.HttpURLConnection.plainConnect0(HttpURLConnection.java:1187)
	at java.base/sun.net.www.protocol.http.HttpURLConnection.plainConnect(HttpURLConnection.java:1081)
	at java.base/sun.net.www.protocol.http.HttpURLConnection.connect(HttpURLConnection.java:1015)
	at org.springframework.http.client.SimpleBufferingClientHttpRequest.executeInternal(SimpleBufferingClientHttpRequest.java:76)
	at org.springframework.http.client.AbstractBufferingClientHttpRequest.executeInternal(AbstractBufferingClientHttpRequest.java:48)
	at org.springframework.http.client.AbstractClientHttpRequest.execute(AbstractClientHttpRequest.java:66)
	at org.springframework.web.client.RestTemplate.doExecute(RestTemplate.java:776)
	... 16 common frames omitted
2023-04-16 13:08:15.038 INFO  org.hibernate.validator.internal.util.Version     :21   [32m        [0;39m HV000001: Hibernate Validator 6.2.0.Final
2023-04-16 13:08:15.076 INFO  o.s.b.d.env.DevToolsPropertyDefaultsPostProcessor :255  [32m        [0;39m Devtools property defaults active! Set 'spring.devtools.add-properties' to 'false' to disable
2023-04-16 13:08:17.044 INFO  o.s.c.c.client.ConfigServicePropertySourceLocator :226  [32m        [0;39m Fetching config from server at : http://domain-config:8888/
2023-04-16 13:08:17.205 INFO  o.s.c.c.client.ConfigServicePropertySourceLocator :150  [32m        [0;39m Located environment: name=api-system, profiles=[dev], label=dev, version=null, state=null
2023-04-16 13:08:17.206 INFO  o.s.c.b.c.PropertySourceBootstrapConfiguration    :109  [32m        [0;39m Located property source: [BootstrapPropertySource {name='bootstrapProperties-configClient'}, BootstrapPropertySource {name='bootstrapProperties-class path resource [config/dev/api-system-dev.yml]'}]
2023-04-16 13:08:17.227 INFO  com.douding.system.SystemApplication              :663  [32m        [0;39m The following profiles are active: dev
2023-04-16 13:08:18.599 INFO  o.s.d.r.config.RepositoryConfigurationDelegate    :262  [32m        [0;39m Multiple Spring Data modules found, entering strict repository configuration mode!
2023-04-16 13:08:18.604 INFO  o.s.d.r.config.RepositoryConfigurationDelegate    :132  [32m        [0;39m Bootstrapping Spring Data Redis repositories in DEFAULT mode.
2023-04-16 13:08:18.635 INFO  o.s.d.r.config.RepositoryConfigurationDelegate    :201  [32m        [0;39m Finished Spring Data repository scanning in 10 ms. Found 0 Redis repository interfaces.
2023-04-16 13:08:19.138 INFO  o.springframework.cloud.context.scope.GenericScope:283  [32m        [0;39m BeanFactory id=2c6dd185-5e84-318b-aeab-2e185311e4a7
2023-04-16 13:08:20.729 INFO  o.s.boot.web.embedded.tomcat.TomcatWebServer      :108  [32m        [0;39m Tomcat initialized with port(s): 9001 (http)
2023-04-16 13:08:20.740 INFO  org.apache.coyote.http11.Http11NioProtocol        :173  [32m        [0;39m Initializing ProtocolHandler ["http-nio-9001"]
2023-04-16 13:08:20.741 INFO  org.apache.catalina.core.StandardService          :173  [32m        [0;39m Starting service [Tomcat]
2023-04-16 13:08:20.741 INFO  org.apache.catalina.core.StandardEngine           :173  [32m        [0;39m Starting Servlet engine: [Apache Tomcat/9.0.50]
2023-04-16 13:08:20.879 INFO  o.a.c.c.C.[Tomcat].[localhost].[/system]          :173  [32m        [0;39m Initializing Spring embedded WebApplicationContext
2023-04-16 13:08:20.879 INFO  o.s.b.w.s.c.ServletWebServerApplicationContext    :290  [32m        [0;39m Root WebApplicationContext: initialization completed in 3625 ms
2023-04-16 13:08:23.126 WARN  o.s.b.d.autoconfigure.OptionalLiveReloadServer    :61   [32m        [0;39m Unable to start LiveReload server
2023-04-16 13:08:24.490 INFO  org.springframework.cloud.commons.util.InetUtils  :170  [32m        [0;39m Cannot determine local hostname
2023-04-16 13:08:24.580 INFO  o.s.c.n.e.c.DiscoveryClientOptionalArgsConfiguration:68   [32m        [0;39m Eureka HTTP Client uses RestTemplate.
2023-04-16 13:08:26.037 INFO  org.springframework.cloud.commons.util.InetUtils  :170  [32m        [0;39m Cannot determine local hostname
2023-04-16 13:08:26.114 WARN  o.s.c.l.c.LoadBalancerCacheAutoConfiguration$LoadBalancerCaffeineWarnLogger:82   [32m        [0;39m Spring Cloud LoadBalancer is currently working with the default cache. You can switch to using Caffeine cache, by adding it and org.springframework.cache.caffeine.CaffeineCacheManager to the classpath.
2023-04-16 13:08:26.179 INFO  o.s.cloud.netflix.eureka.InstanceInfoFactory      :67   [32m        [0;39m Setting initial instance status as: STARTING
2023-04-16 13:08:26.238 INFO  com.netflix.discovery.DiscoveryClient             :372  [32m        [0;39m Initializing Eureka in region us-east-1
2023-04-16 13:08:26.244 INFO  c.n.d.shared.resolver.aws.ConfigClusterResolver   :43   [32m        [0;39m Resolving eureka endpoints via configuration
2023-04-16 13:08:26.263 INFO  com.netflix.discovery.DiscoveryClient             :1007 [32m        [0;39m Disable delta property : false
2023-04-16 13:08:26.263 INFO  com.netflix.discovery.DiscoveryClient             :1008 [32m        [0;39m Single vip registry refresh property : null
2023-04-16 13:08:26.263 INFO  com.netflix.discovery.DiscoveryClient             :1009 [32m        [0;39m Force full registry fetch : false
2023-04-16 13:08:26.263 INFO  com.netflix.discovery.DiscoveryClient             :1010 [32m        [0;39m Application is null : false
2023-04-16 13:08:26.263 INFO  com.netflix.discovery.DiscoveryClient             :1011 [32m        [0;39m Registered Applications size is zero : true
2023-04-16 13:08:26.264 INFO  com.netflix.discovery.DiscoveryClient             :1013 [32m        [0;39m Application version is -1: true
2023-04-16 13:08:26.264 INFO  com.netflix.discovery.DiscoveryClient             :1097 [32m        [0;39m Getting all instance registry info from the eureka server
2023-04-16 13:08:26.509 INFO  com.netflix.discovery.DiscoveryClient             :1106 [32m        [0;39m The response status is 200
2023-04-16 13:08:26.511 INFO  com.netflix.discovery.DiscoveryClient             :1321 [32m        [0;39m Starting heartbeat executor: renew interval is: 30
2023-04-16 13:08:26.513 INFO  com.netflix.discovery.InstanceInfoReplicator      :60   [32m        [0;39m InstanceInfoReplicator onDemand update allowed rate per min is 4
2023-04-16 13:08:26.516 INFO  com.netflix.discovery.DiscoveryClient             :492  [32m        [0;39m Discovery Client initialized at timestamp 1681621706516 with initial instances count: 1
2023-04-16 13:08:26.523 INFO  o.s.c.n.e.serviceregistry.EurekaServiceRegistry   :41   [32m        [0;39m Registering application API-SYSTEM with eureka with status UP
2023-04-16 13:08:26.524 INFO  com.netflix.discovery.DiscoveryClient             :1352 [32m        [0;39m Saw local status change event StatusChangeEvent [timestamp=1681621706524, current=UP, previous=STARTING]
2023-04-16 13:08:26.526 INFO  com.netflix.discovery.DiscoveryClient             :873  [32m        [0;39m DiscoveryClient_API-SYSTEM/localhost:api-system:9001: registering service...
2023-04-16 13:08:26.529 INFO  org.apache.coyote.http11.Http11NioProtocol        :173  [32m        [0;39m Starting ProtocolHandler ["http-nio-9001"]
2023-04-16 13:08:26.558 INFO  o.s.boot.web.embedded.tomcat.TomcatWebServer      :220  [32m        [0;39m Tomcat started on port(s): 9001 (http) with context path '/system'
2023-04-16 13:08:26.559 INFO  o.s.c.n.e.s.EurekaAutoServiceRegistration         :144  [32m        [0;39m Updating port to 9001
2023-04-16 13:08:26.577 INFO  com.netflix.discovery.DiscoveryClient             :882  [32m        [0;39m DiscoveryClient_API-SYSTEM/localhost:api-system:9001 - registration status: 204
2023-04-16 13:08:28.020 INFO  org.springframework.cloud.commons.util.InetUtils  :170  [32m        [0;39m Cannot determine local hostname
2023-04-16 13:08:28.042 INFO  com.douding.system.SystemApplication              :61   [32m        [0;39m Started SystemApplication in 15.301 seconds (JVM running for 17.626)
2023-04-16 13:08:28.045 INFO  com.douding.system.SystemApplication              :25   [32m        [0;39m å¯åŠ¨æˆåŠŸï¼ï¼
2023-04-16 13:08:28.046 INFO  com.douding.system.SystemApplication              :26   [32m        [0;39m System: 	http://127.0.0.1:9001
2023-04-16 13:09:22.812 INFO  o.a.c.c.C.[Tomcat].[localhost].[/system]          :173  [32m        [0;39m Initializing Spring DispatcherServlet 'dispatcherServlet'
2023-04-16 13:09:22.812 INFO  org.springframework.web.servlet.DispatcherServlet :525  [32m        [0;39m Initializing Servlet 'dispatcherServlet'
2023-04-16 13:09:22.814 INFO  org.springframework.web.servlet.DispatcherServlet :547  [32m        [0;39m Completed initialization in 2 ms
2023-04-16 13:09:22.850 INFO  com.douding.server.config.LogAspect               :76   [32mYD7Xc98M[0;39m ------------- ã€ç”¨æˆ·ã€‘æ“ä½œå¼€å§‹ -------------
2023-04-16 13:09:22.850 INFO  com.douding.server.config.LogAspect               :77   [32mYD7Xc98M[0;39m è¯·æ±‚åœ°å€: http://localhost:9001/system/admin/user/logout/ynzVb8dz GET
2023-04-16 13:09:22.850 INFO  com.douding.server.config.LogAspect               :78   [32mYD7Xc98M[0;39m ç±»åæ–¹æ³•: com.douding.system.controller.admin.UserController.logout
2023-04-16 13:09:22.851 INFO  com.douding.server.config.LogAspect               :79   [32mYD7Xc98M[0;39m è¿œç¨‹åœ°å€: 127.0.0.1
2023-04-16 13:09:22.902 INFO  com.douding.server.config.LogAspect               :97   [32mYD7Xc98M[0;39m è¯·æ±‚å‚æ•°: ["ynzVb8dz"]
2023-04-16 13:09:23.741 INFO  com.douding.system.controller.admin.UserController:135  [32mYD7Xc98M[0;39m ä»Žredisä¸­åˆ é™¤tokenynzVb8dz
2023-04-16 13:09:23.776 INFO  com.douding.server.config.LogAspect               :109  [32mYD7Xc98M[0;39m è¿”å›žç»“æžœ: {"success":true}
2023-04-16 13:09:23.777 INFO  com.douding.server.config.LogAspect               :110  [32mYD7Xc98M[0;39m ------------- ç»“æŸ è€—æ—¶ï¼š932 ms -------------
2023-04-16 13:09:23.866 INFO  com.douding.server.config.LogAspect               :76   [32mr1OzD2cL[0;39m ------------- ã€å›¾ç‰‡éªŒè¯ç ã€‘æ“ä½œå¼€å§‹ -------------
2023-04-16 13:09:23.866 INFO  com.douding.server.config.LogAspect               :77   [32mr1OzD2cL[0;39m è¯·æ±‚åœ°å€: http://localhost:9001/system/admin/kaptcha/image-code/DP4pIUts GET
2023-04-16 13:09:23.866 INFO  com.douding.server.config.LogAspect               :78   [32mr1OzD2cL[0;39m ç±»åæ–¹æ³•: com.douding.system.controller.admin.KaptchaController.imageCode
2023-04-16 13:09:23.866 INFO  com.douding.server.config.LogAspect               :79   [32mr1OzD2cL[0;39m è¿œç¨‹åœ°å€: 127.0.0.1
2023-04-16 13:09:23.867 INFO  com.douding.server.config.LogAspect               :97   [32mr1OzD2cL[0;39m è¯·æ±‚å‚æ•°: ["DP4pIUts",null,null]
2023-04-16 13:09:24.507 INFO  com.douding.server.config.LogAspect               :109  [32mr1OzD2cL[0;39m è¿”å›žç»“æžœ: null
2023-04-16 13:09:24.507 INFO  com.douding.server.config.LogAspect               :110  [32mr1OzD2cL[0;39m ------------- ç»“æŸ è€—æ—¶ï¼š642 ms -------------
2023-04-16 13:09:27.318 INFO  com.douding.server.config.LogAspect               :76   [32mNJGYTQVu[0;39m ------------- ã€ç”¨æˆ·ã€‘æ“ä½œå¼€å§‹ -------------
2023-04-16 13:09:27.320 INFO  com.douding.server.config.LogAspect               :77   [32mNJGYTQVu[0;39m è¯·æ±‚åœ°å€: http://localhost:9001/system/admin/user/login POST
2023-04-16 13:09:27.321 INFO  com.douding.server.config.LogAspect               :78   [32mNJGYTQVu[0;39m ç±»åæ–¹æ³•: com.douding.system.controller.admin.UserController.login
2023-04-16 13:09:27.322 INFO  com.douding.server.config.LogAspect               :79   [32mNJGYTQVu[0;39m è¿œç¨‹åœ°å€: 127.0.0.1
2023-04-16 13:09:27.333 INFO  com.douding.server.config.LogAspect               :97   [32mNJGYTQVu[0;39m è¯·æ±‚å‚æ•°: [{"imageCode":"edd3","imageCodeToken":"DP4pIUts","loginName":"admin","password":"6fb8a81a9009027fb1a9355113aa2e5a"},null]
2023-04-16 13:09:27.515 INFO  com.zaxxer.hikari.HikariDataSource                :110  [32mNJGYTQVu[0;39m HikariPool-1 - Starting...
2023-04-16 13:09:27.701 INFO  com.zaxxer.hikari.HikariDataSource                :123  [32mNJGYTQVu[0;39m HikariPool-1 - Start completed.
2023-04-16 13:09:27.707 DEBUG c.douding.server.mapper.UserMapper.selectByExample:159  [32mNJGYTQVu[0;39m ==>  Preparing: select id, login_name, `name`, `password` from user WHERE ( login_name = ? ) 
2023-04-16 13:09:27.730 DEBUG c.douding.server.mapper.UserMapper.selectByExample:159  [32mNJGYTQVu[0;39m ==> Parameters: admin(String)
2023-04-16 13:09:27.751 TRACE c.douding.server.mapper.UserMapper.selectByExample:165  [32mNJGYTQVu[0;39m <==    Columns: id, login_name, name, password
2023-04-16 13:09:27.751 TRACE c.douding.server.mapper.UserMapper.selectByExample:165  [32mNJGYTQVu[0;39m <==        Row: T4wswetU, admin, alex, 1f15d405949c4ed3c2279aa6d48b1e9a
2023-04-16 13:09:27.752 DEBUG c.douding.server.mapper.UserMapper.selectByExample:159  [32mNJGYTQVu[0;39m <==      Total: 1
2023-04-16 13:09:27.775 DEBUG c.d.server.mapper.my.MyUserMapper.findResources   :159  [32mNJGYTQVu[0;39m ==>  Preparing: select distinct r.id, r.`name`, r.page, r.request, r.parent from role_user ru, role_resource rr, resource r where ru.user_id = ? and ru.role_id = rr.role_id and rr.resource_id = r.id order by r.id asc 
2023-04-16 13:09:27.775 DEBUG c.d.server.mapper.my.MyUserMapper.findResources   :159  [32mNJGYTQVu[0;39m ==> Parameters: T4wswetU(String)
2023-04-16 13:09:27.784 TRACE c.d.server.mapper.my.MyUserMapper.findResources   :165  [32mNJGYTQVu[0;39m <==    Columns: id, name, page, request, parent
2023-04-16 13:09:27.784 TRACE c.d.server.mapper.my.MyUserMapper.findResources   :165  [32mNJGYTQVu[0;39m <==        Row: 00, æ¬¢è¿Ž, welcome, null, 
2023-04-16 13:09:27.785 TRACE c.d.server.mapper.my.MyUserMapper.findResources   :165  [32mNJGYTQVu[0;39m <==        Row: 01, ç³»ç»Ÿç®¡ç†, null, null, 
2023-04-16 13:09:27.785 TRACE c.d.server.mapper.my.MyUserMapper.findResources   :165  [32mNJGYTQVu[0;39m <==        Row: 0101, ç”¨æˆ·ç®¡ç†, system/user, null, 01
2023-04-16 13:09:27.786 TRACE c.d.server.mapper.my.MyUserMapper.findResources   :165  [32mNJGYTQVu[0;39m <==        Row: 010101, ä¿å­˜, null, ["/system/admin/user/list","/system/admin/user/save"], 0101
2023-04-16 13:09:27.786 TRACE c.d.server.mapper.my.MyUserMapper.findResources   :165  [32mNJGYTQVu[0;39m <==        Row: 010102, åˆ é™¤, null, ["/system/admin/user/delete"], 0101
2023-04-16 13:09:27.786 TRACE c.d.server.mapper.my.MyUserMapper.findResources   :165  [32mNJGYTQVu[0;39m <==        Row: 010103, é‡ç½®å¯†ç , null, ["/system/admin/user/save-password"], 0101
2023-04-16 13:09:27.787 TRACE c.d.server.mapper.my.MyUserMapper.findResources   :165  [32mNJGYTQVu[0;39m <==        Row: 0102, èµ„æºç®¡ç†, system/resource, null, 01
2023-04-16 13:09:27.787 TRACE c.d.server.mapper.my.MyUserMapper.findResources   :165  [32mNJGYTQVu[0;39m <==        Row: 010201, ä¿å­˜/æ˜¾ç¤º, null, ["/system/admin/resource"], 0102
2023-04-16 13:09:27.787 TRACE c.d.server.mapper.my.MyUserMapper.findResources   :165  [32mNJGYTQVu[0;39m <==        Row: 0103, è§’è‰²ç®¡ç†, system/role, null, 01
2023-04-16 13:09:27.788 TRACE c.d.server.mapper.my.MyUserMapper.findResources   :165  [32mNJGYTQVu[0;39m <==        Row: 010301, è§’è‰²/æƒé™ç®¡ç†, null, ["/system/admin/role"], 0103
2023-04-16 13:09:27.788 TRACE c.d.server.mapper.my.MyUserMapper.findResources   :165  [32mNJGYTQVu[0;39m <==        Row: 02, ä¸šåŠ¡ç®¡ç†, null, null, 
2023-04-16 13:09:27.788 TRACE c.d.server.mapper.my.MyUserMapper.findResources   :165  [32mNJGYTQVu[0;39m <==        Row: 0201, åˆ†ç±»ç®¡ç†, business/category, null, 02
2023-04-16 13:09:27.789 TRACE c.d.server.mapper.my.MyUserMapper.findResources   :165  [32mNJGYTQVu[0;39m <==        Row: 020101, å¢žåˆ æ”¹æŸ¥, null, ["/business/admin/category"], 0201
2023-04-16 13:09:27.789 TRACE c.d.server.mapper.my.MyUserMapper.findResources   :165  [32mNJGYTQVu[0;39m <==        Row: 0202, è¯¾ç¨‹ç®¡ç†, business/course, null, 02
2023-04-16 13:09:27.789 TRACE c.d.server.mapper.my.MyUserMapper.findResources   :165  [32mNJGYTQVu[0;39m <==        Row: 020201, å¢žåˆ æ”¹æŸ¥, null, ["/business/admin/course","/business/admin/category/all"], 0202
2023-04-16 13:09:27.790 TRACE c.d.server.mapper.my.MyUserMapper.findResources   :165  [32mNJGYTQVu[0;39m <==        Row: 0203, è®²å¸ˆç®¡ç†, business/teacher, null, 02
2023-04-16 13:09:27.791 TRACE c.d.server.mapper.my.MyUserMapper.findResources   :165  [32mNJGYTQVu[0;39m <==        Row: 020301, å¢žåˆ æ”¹æŸ¥, null, ["/business/admin/teacher"], 0203
2023-04-16 13:09:27.791 TRACE c.d.server.mapper.my.MyUserMapper.findResources   :165  [32mNJGYTQVu[0;39m <==        Row: 0204, ä¼šå‘˜ç®¡ç†, business/member, null, 02
2023-04-16 13:09:27.792 TRACE c.d.server.mapper.my.MyUserMapper.findResources   :165  [32mNJGYTQVu[0;39m <==        Row: 020401, å¢žåˆ æ”¹æŸ¥, null, ["/business/admin/member"], 0204
2023-04-16 13:09:27.792 TRACE c.d.server.mapper.my.MyUserMapper.findResources   :165  [32mNJGYTQVu[0;39m <==        Row: 0205, çŸ­ä¿¡ç®¡ç†, business/sms, null, 02
2023-04-16 13:09:27.792 TRACE c.d.server.mapper.my.MyUserMapper.findResources   :165  [32mNJGYTQVu[0;39m <==        Row: 020501, å¢žåˆ æ”¹æŸ¥, null, ["/business/admin/sms"], 0205
2023-04-16 13:09:27.792 TRACE c.d.server.mapper.my.MyUserMapper.findResources   :165  [32mNJGYTQVu[0;39m <==        Row: 0206, å¤§ç« ç®¡ç†, business/chapter, null, 02
2023-04-16 13:09:27.793 TRACE c.d.server.mapper.my.MyUserMapper.findResources   :165  [32mNJGYTQVu[0;39m <==        Row: 020601, å¢žåˆ æ”¹æŸ¥, null, ["/business/admin/chapter"], 0206
2023-04-16 13:09:27.793 TRACE c.d.server.mapper.my.MyUserMapper.findResources   :165  [32mNJGYTQVu[0;39m <==        Row: 0207, å°èŠ‚ç®¡ç†, business/section, null, 02
2023-04-16 13:09:27.793 TRACE c.d.server.mapper.my.MyUserMapper.findResources   :165  [32mNJGYTQVu[0;39m <==        Row: 020701, å¢žåˆ æ”¹æŸ¥, null, ["/business/admin/section"], 0207
2023-04-16 13:09:27.794 TRACE c.d.server.mapper.my.MyUserMapper.findResources   :165  [32mNJGYTQVu[0;39m <==        Row: 0208, è¯¾ç¨‹å†…å®¹, business/content, null, 02
2023-04-16 13:09:27.794 TRACE c.d.server.mapper.my.MyUserMapper.findResources   :165  [32mNJGYTQVu[0;39m <==        Row: 020801, å¢žåˆ æ”¹æŸ¥, null, ["/business/admin/course","/business/admin/course-content-file"], 0208
2023-04-16 13:09:27.794 TRACE c.d.server.mapper.my.MyUserMapper.findResources   :165  [32mNJGYTQVu[0;39m <==        Row: 03, æ–‡ä»¶ç®¡ç†, null, null, 
2023-04-16 13:09:27.794 TRACE c.d.server.mapper.my.MyUserMapper.findResources   :165  [32mNJGYTQVu[0;39m <==        Row: 0301, æ–‡ä»¶ç®¡ç†, file/file, null, 03
2023-04-16 13:09:27.795 TRACE c.d.server.mapper.my.MyUserMapper.findResources   :165  [32mNJGYTQVu[0;39m <==        Row: 030101, æ–‡ä»¶ç®¡ç†, null, ["/file/admin/file"], 0301
2023-04-16 13:09:27.795 TRACE c.d.server.mapper.my.MyUserMapper.findResources   :165  [32mNJGYTQVu[0;39m <==        Row: 030102, æ–‡ä»¶éªŒè¯, null, ["/file/admin/oss-check"], 0301
2023-04-16 13:09:27.795 TRACE c.d.server.mapper.my.MyUserMapper.findResources   :165  [32mNJGYTQVu[0;39m <==        Row: 030103, æ–‡ä»¶ä¸Šä¼ , null, ["/file/admin/oss-append"], 0301
2023-04-16 13:09:27.796 DEBUG c.d.server.mapper.my.MyUserMapper.findResources   :159  [32mNJGYTQVu[0;39m <==      Total: 32
2023-04-16 13:09:27.797 INFO  com.douding.server.service.UserService            :163  [32mNJGYTQVu[0;39m æœ‰æƒé™çš„è¯·æ±‚ï¼š[/system/admin/user/save, /business/admin/section, /file/admin/oss-check, /business/admin/teacher, /system/admin/user/save-password, /system/admin/role, /file/admin/oss-append, /business/admin/chapter, /business/admin/sms, /system/admin/user/delete, /business/admin/category/all, /business/admin/course-content-file, /business/admin/category, /business/admin/course, /business/admin/member, /system/admin/user/list, /system/admin/resource, /file/admin/file]
2023-04-16 13:09:27.807 INFO  com.douding.system.controller.admin.UserController:124  [32mNJGYTQVu[0;39m ç”¨æˆ·ç™»é™†æˆåŠŸLoginUserDto{id='T4wswetU', loginName='admin', name='alex', resources=[ResourceDto{id='00', name='æ¬¢è¿Ž', page='welcome', request='null', parent='', children=null}, ResourceDto{id='01', name='ç³»ç»Ÿç®¡ç†', page='null', request='null', parent='', children=null}, ResourceDto{id='0101', name='ç”¨æˆ·ç®¡ç†', page='system/user', request='null', parent='01', children=null}, ResourceDto{id='010101', name='ä¿å­˜', page='null', request='["/system/admin/user/list","/system/admin/user/save"]', parent='0101', children=null}, ResourceDto{id='010102', name='åˆ é™¤', page='null', request='["/system/admin/user/delete"]', parent='0101', children=null}, ResourceDto{id='010103', name='é‡ç½®å¯†ç ', page='null', request='["/system/admin/user/save-password"]', parent='0101', children=null}, ResourceDto{id='0102', name='èµ„æºç®¡ç†', page='system/resource', request='null', parent='01', children=null}, ResourceDto{id='010201', name='ä¿å­˜/æ˜¾ç¤º', page='null', request='["/system/admin/resource"]', parent='0102', children=null}, ResourceDto{id='0103', name='è§’è‰²ç®¡ç†', page='system/role', request='null', parent='01', children=null}, ResourceDto{id='010301', name='è§’è‰²/æƒé™ç®¡ç†', page='null', request='["/system/admin/role"]', parent='0103', children=null}, ResourceDto{id='02', name='ä¸šåŠ¡ç®¡ç†', page='null', request='null', parent='', children=null}, ResourceDto{id='0201', name='åˆ†ç±»ç®¡ç†', page='business/category', request='null', parent='02', children=null}, ResourceDto{id='020101', name='å¢žåˆ æ”¹æŸ¥', page='null', request='["/business/admin/category"]', parent='0201', children=null}, ResourceDto{id='0202', name='è¯¾ç¨‹ç®¡ç†', page='business/course', request='null', parent='02', children=null}, ResourceDto{id='020201', name='å¢žåˆ æ”¹æŸ¥', page='null', request='["/business/admin/course","/business/admin/category/all"]', parent='0202', children=null}, ResourceDto{id='0203', name='è®²å¸ˆç®¡ç†', page='business/teacher', request='null', parent='02', children=null}, ResourceDto{id='020301', name='å¢žåˆ æ”¹æŸ¥', page='null', request='["/business/admin/teacher"]', parent='0203', children=null}, ResourceDto{id='0204', name='ä¼šå‘˜ç®¡ç†', page='business/member', request='null', parent='02', children=null}, ResourceDto{id='020401', name='å¢žåˆ æ”¹æŸ¥', page='null', request='["/business/admin/member"]', parent='0204', children=null}, ResourceDto{id='0205', name='çŸ­ä¿¡ç®¡ç†', page='business/sms', request='null', parent='02', children=null}, ResourceDto{id='020501', name='å¢žåˆ æ”¹æŸ¥', page='null', request='["/business/admin/sms"]', parent='0205', children=null}, ResourceDto{id='0206', name='å¤§ç« ç®¡ç†', page='business/chapter', request='null', parent='02', children=null}, ResourceDto{id='020601', name='å¢žåˆ æ”¹æŸ¥', page='null', request='["/business/admin/chapter"]', parent='0206', children=null}, ResourceDto{id='0207', name='å°èŠ‚ç®¡ç†', page='business/section', request='null', parent='02', children=null}, ResourceDto{id='020701', name='å¢žåˆ æ”¹æŸ¥', page='null', request='["/business/admin/section"]', parent='0207', children=null}, ResourceDto{id='0208', name='è¯¾ç¨‹å†…å®¹', page='business/content', request='null', parent='02', children=null}, ResourceDto{id='020801', name='å¢žåˆ æ”¹æŸ¥', page='null', request='["/business/admin/course","/business/admin/course-content-file"]', parent='0208', children=null}, ResourceDto{id='03', name='æ–‡ä»¶ç®¡ç†', page='null', request='null', parent='', children=null}, ResourceDto{id='0301', name='æ–‡ä»¶ç®¡ç†', page='file/file', request='null', parent='03', children=null}, ResourceDto{id='030101', name='æ–‡ä»¶ç®¡ç†', page='null', request='["/file/admin/file"]', parent='0301', children=null}, ResourceDto{id='030102', name='æ–‡ä»¶éªŒè¯', page='null', request='["/file/admin/oss-check"]', parent='0301', children=null}, ResourceDto{id='030103', name='æ–‡ä»¶ä¸Šä¼ ', page='null', request='["/file/admin/oss-append"]', parent='0301', children=null}], requests=[/system/admin/user/save, /business/admin/section, /file/admin/oss-check, /business/admin/teacher, /system/admin/user/save-password, /system/admin/role, /file/admin/oss-append, /business/admin/chapter, /business/admin/sms, /system/admin/user/delete, /business/admin/category/all, /business/admin/course-content-file, /business/admin/category, /business/admin/course, /business/admin/member, /system/admin/user/list, /system/admin/resource, /file/admin/file], token='ich42MWW'}
2023-04-16 13:09:27.817 INFO  com.douding.server.config.LogAspect               :109  [32mNJGYTQVu[0;39m è¿”å›žç»“æžœ: {"content":{"id":"T4wswetU","loginName":"admin","name":"alex","requests":["/system/admin/user/save","/business/admin/section","/file/admin/oss-check","/business/admin/teacher","/system/admin/user/save-password","/system/admin/role","/file/admin/oss-append","/business/admin/chapter","/business/admin/sms","/system/admin/user/delete","/business/admin/category/all","/business/admin/course-content-file","/business/admin/category","/business/admin/course","/business/admin/member","/system/admin/user/list","/system/admin/resource","/file/admin/file"],"resources":[{"id":"00","name":"æ¬¢è¿Ž","page":"welcome","parent":""},{"id":"01","name":"ç³»ç»Ÿç®¡ç†","parent":""},{"id":"0101","name":"ç”¨æˆ·ç®¡ç†","page":"system/user","parent":"01"},{"id":"010101","name":"ä¿å­˜","parent":"0101","request":"[\"/system/admin/user/list\",\"/system/admin/user/save\"]"},{"id":"010102","name":"åˆ é™¤","parent":"0101","request":"[\"/system/admin/user/delete\"]"},{"id":"010103","name":"é‡ç½®å¯†ç ","parent":"0101","request":"[\"/system/admin/user/save-password\"]"},{"id":"0102","name":"èµ„æºç®¡ç†","page":"system/resource","parent":"01"},{"id":"010201","name":"ä¿å­˜/æ˜¾ç¤º","parent":"0102","request":"[\"/system/admin/resource\"]"},{"id":"0103","name":"è§’è‰²ç®¡ç†","page":"system/role","parent":"01"},{"id":"010301","name":"è§’è‰²/æƒé™ç®¡ç†","parent":"0103","request":"[\"/system/admin/role\"]"},{"id":"02","name":"ä¸šåŠ¡ç®¡ç†","parent":""},{"id":"0201","name":"åˆ†ç±»ç®¡ç†","page":"business/category","parent":"02"},{"id":"020101","name":"å¢žåˆ æ”¹æŸ¥","parent":"0201","request":"[\"/business/admin/category\"]"},{"id":"0202","name":"è¯¾ç¨‹ç®¡ç†","page":"business/course","parent":"02"},{"id":"020201","name":"å¢žåˆ æ”¹æŸ¥","parent":"0202","request":"[\"/business/admin/course\",\"/business/admin/category/all\"]"},{"id":"0203","name":"è®²å¸ˆç®¡ç†","page":"business/teacher","parent":"02"},{"id":"020301","name":"å¢žåˆ æ”¹æŸ¥","parent":"0203","request":"[\"/business/admin/teacher\"]"},{"id":"0204","name":"ä¼šå‘˜ç®¡ç†","page":"business/member","parent":"02"},{"id":"020401","name":"å¢žåˆ æ”¹æŸ¥","parent":"0204","request":"[\"/business/admin/member\"]"},{"id":"0205","name":"çŸ­ä¿¡ç®¡ç†","page":"business/sms","parent":"02"},{"id":"020501","name":"å¢žåˆ æ”¹æŸ¥","parent":"0205","request":"[\"/business/admin/sms\"]"},{"id":"0206","name":"å¤§ç« ç®¡ç†","page":"business/chapter","parent":"02"},{"id":"020601","name":"å¢žåˆ æ”¹æŸ¥","parent":"0206","request":"[\"/business/admin/chapter\"]"},{"id":"0207","name":"å°èŠ‚ç®¡ç†","page":"business/section","parent":"02"},{"id":"020701","name":"å¢žåˆ æ”¹æŸ¥","parent":"0207","request":"[\"/business/admin/section\"]"},{"id":"0208","name":"è¯¾ç¨‹å†…å®¹","page":"business/content","parent":"02"},{"id":"020801","name":"å¢žåˆ æ”¹æŸ¥","parent":"0208","request":"[\"/business/admin/course\",\"/business/admin/course-content-file\"]"},{"id":"03","name":"æ–‡ä»¶ç®¡ç†","parent":""},{"id":"0301","name":"æ–‡ä»¶ç®¡ç†","page":"file/file","parent":"03"},{"id":"030101","name":"æ–‡ä»¶ç®¡ç†","parent":"0301","request":"[\"/file/admin/file\"]"},{"id":"030102","name":"æ–‡ä»¶éªŒè¯","parent":"0301","request":"[\"/file/admin/oss-check\"]"},{"id":"030103","name":"æ–‡ä»¶ä¸Šä¼ ","parent":"0301","request":"[\"/file/admin/oss-append\"]"}],"token":"ich42MWW"},"success":true}
2023-04-16 13:09:27.817 INFO  com.douding.server.config.LogAspect               :110  [32mNJGYTQVu[0;39m ------------- ç»“æŸ è€—æ—¶ï¼š499 ms -------------
2023-04-16 13:13:26.269 INFO  c.n.d.shared.resolver.aws.ConfigClusterResolver   :43   [32m        [0;39m Resolving eureka endpoints via configuration
2023-04-16 13:13:32.194 INFO  com.douding.server.config.LogAspect               :76   [32mQhZ7TlAL[0;39m ------------- ã€å›¾ç‰‡éªŒè¯ç ã€‘æ“ä½œå¼€å§‹ -------------
2023-04-16 13:13:32.196 INFO  com.douding.server.config.LogAspect               :77   [32mQhZ7TlAL[0;39m è¯·æ±‚åœ°å€: http://localhost:9001/system/admin/kaptcha/image-code/R66KQx6X GET
2023-04-16 13:13:32.196 INFO  com.douding.server.config.LogAspect               :78   [32mQhZ7TlAL[0;39m ç±»åæ–¹æ³•: com.douding.system.controller.admin.KaptchaController.imageCode
2023-04-16 13:13:32.197 INFO  com.douding.server.config.LogAspect               :79   [32mQhZ7TlAL[0;39m è¿œç¨‹åœ°å€: 127.0.0.1
2023-04-16 13:13:32.200 INFO  com.douding.server.config.LogAspect               :97   [32mQhZ7TlAL[0;39m è¯·æ±‚å‚æ•°: ["R66KQx6X",null,null]
2023-04-16 13:13:32.245 INFO  com.douding.server.config.LogAspect               :109  [32mQhZ7TlAL[0;39m è¿”å›žç»“æžœ: null
2023-04-16 13:13:32.247 INFO  com.douding.server.config.LogAspect               :110  [32mQhZ7TlAL[0;39m ------------- ç»“æŸ è€—æ—¶ï¼š53 ms -------------
2023-04-16 13:18:26.280 INFO  c.n.d.shared.resolver.aws.ConfigClusterResolver   :43   [32m        [0;39m Resolving eureka endpoints via configuration
2023-04-16 13:23:26.291 INFO  c.n.d.shared.resolver.aws.ConfigClusterResolver   :43   [32m        [0;39m Resolving eureka endpoints via configuration
2023-04-16 13:26:10.843 INFO  o.s.c.n.e.serviceregistry.EurekaServiceRegistry   :62   [32m        [0;39m Unregistering application API-SYSTEM with eureka with status DOWN
2023-04-16 13:26:10.845 INFO  com.netflix.discovery.DiscoveryClient             :1352 [32m        [0;39m Saw local status change event StatusChangeEvent [timestamp=1681622770845, current=DOWN, previous=UP]
2023-04-16 13:26:10.845 INFO  com.netflix.discovery.DiscoveryClient             :873  [32m        [0;39m DiscoveryClient_API-SYSTEM/localhost:api-system:9001: registering service...
2023-04-16 13:26:10.869 INFO  com.netflix.discovery.DiscoveryClient             :882  [32m        [0;39m DiscoveryClient_API-SYSTEM/localhost:api-system:9001 - registration status: 204
2023-04-16 13:26:11.626 INFO  com.zaxxer.hikari.HikariDataSource                :350  [32m        [0;39m HikariPool-1 - Shutdown initiated...
2023-04-16 13:26:11.668 INFO  com.zaxxer.hikari.HikariDataSource                :352  [32m        [0;39m HikariPool-1 - Shutdown completed.
2023-04-16 13:26:11.873 INFO  com.netflix.discovery.DiscoveryClient             :935  [32m        [0;39m Shutting down DiscoveryClient ...
2023-04-16 13:26:14.894 INFO  com.netflix.discovery.DiscoveryClient             :971  [32m        [0;39m Unregistering ...
2023-04-16 13:26:14.936 INFO  c.n.d.s.t.decorator.RedirectingEurekaHttpClient   :93   [32m        [0;39m Request execution error. endpoint=DefaultEndpoint{ serviceUrl='http://domain-eureka:8761/eureka/} exception=I/O error on DELETE request for "http://domain-eureka:8761/eureka/apps/API-SYSTEM/localhost:api-system:9001": Connect to domain-eureka:8761 [domain-eureka/127.0.0.1] failed: Connection refused: connect; nested exception is org.apache.http.conn.HttpHostConnectException: Connect to domain-eureka:8761 [domain-eureka/127.0.0.1] failed: Connection refused: connect stacktrace=org.springframework.web.client.ResourceAccessException: I/O error on DELETE request for "http://domain-eureka:8761/eureka/apps/API-SYSTEM/localhost:api-system:9001": Connect to domain-eureka:8761 [domain-eureka/127.0.0.1] failed: Connection refused: connect; nested exception is org.apache.http.conn.HttpHostConnectException: Connect to domain-eureka:8761 [domain-eureka/127.0.0.1] failed: Connection refused: connect
	at org.springframework.web.client.RestTemplate.doExecute(RestTemplate.java:785)
	at org.springframework.web.client.RestTemplate.execute(RestTemplate.java:711)
	at org.springframework.web.client.RestTemplate.exchange(RestTemplate.java:602)
	at org.springframework.cloud.netflix.eureka.http.RestTemplateEurekaHttpClient.cancel(RestTemplateEurekaHttpClient.java:87)
	at com.netflix.discovery.shared.transport.decorator.EurekaHttpClientDecorator$2.execute(EurekaHttpClientDecorator.java:74)
	at com.netflix.discovery.shared.transport.decorator.RedirectingEurekaHttpClient.execute(RedirectingEurekaHttpClient.java:91)
	at com.netflix.discovery.shared.transport.decorator.EurekaHttpClientDecorator.cancel(EurekaHttpClientDecorator.java:71)
	at com.netflix.discovery.shared.transport.decorator.EurekaHttpClientDecorator$2.execute(EurekaHttpClientDecorator.java:74)
	at com.netflix.discovery.shared.transport.decorator.RetryableEurekaHttpClient.execute(RetryableEurekaHttpClient.java:120)
	at com.netflix.discovery.shared.transport.decorator.EurekaHttpClientDecorator.cancel(EurekaHttpClientDecorator.java:71)
	at com.netflix.discovery.shared.transport.decorator.EurekaHttpClientDecorator$2.execute(EurekaHttpClientDecorator.java:74)
	at com.netflix.discovery.shared.transport.decorator.SessionedEurekaHttpClient.execute(SessionedEurekaHttpClient.java:77)
	at com.netflix.discovery.shared.transport.decorator.EurekaHttpClientDecorator.cancel(EurekaHttpClientDecorator.java:71)
	at com.netflix.discovery.DiscoveryClient.unregister(DiscoveryClient.java:972)
	at com.netflix.discovery.DiscoveryClient.shutdown(DiscoveryClient.java:948)
	at java.base/jdk.internal.reflect.NativeMethodAccessorImpl.invoke0(Native Method)
	at java.base/jdk.internal.reflect.NativeMethodAccessorImpl.invoke(NativeMethodAccessorImpl.java:62)
	at java.base/jdk.internal.reflect.DelegatingMethodAccessorImpl.invoke(DelegatingMethodAccessorImpl.java:43)
	at java.base/java.lang.reflect.Method.invoke(Method.java:566)
	at org.springframework.beans.factory.annotation.InitDestroyAnnotationBeanPostProcessor$LifecycleElement.invoke(InitDestroyAnnotationBeanPostProcessor.java:389)
	at org.springframework.beans.factory.annotation.InitDestroyAnnotationBeanPostProcessor$LifecycleMetadata.invokeDestroyMethods(InitDestroyAnnotationBeanPostProcessor.java:347)
	at org.springframework.beans.factory.annotation.InitDestroyAnnotationBeanPostProcessor.postProcessBeforeDestruction(InitDestroyAnnotationBeanPostProcessor.java:177)
	at org.springframework.beans.factory.support.DisposableBeanAdapter.destroy(DisposableBeanAdapter.java:184)
	at org.springframework.beans.factory.support.DisposableBeanAdapter.run(DisposableBeanAdapter.java:177)
	at org.springframework.cloud.context.scope.GenericScope$BeanLifecycleWrapper.destroy(GenericScope.java:390)
	at org.springframework.cloud.context.scope.GenericScope.destroy(GenericScope.java:136)
	at org.springframework.beans.factory.support.DisposableBeanAdapter.destroy(DisposableBeanAdapter.java:200)
	at org.springframework.beans.factory.support.DefaultSingletonBeanRegistry.destroyBean(DefaultSingletonBeanRegistry.java:587)
	at org.springframework.beans.factory.support.DefaultSingletonBeanRegistry.destroySingleton(DefaultSingletonBeanRegistry.java:559)
	at org.springframework.beans.factory.support.DefaultListableBeanFactory.destroySingleton(DefaultListableBeanFactory.java:1152)
	at org.springframework.beans.factory.support.DefaultSingletonBeanRegistry.destroySingletons(DefaultSingletonBeanRegistry.java:520)
	at org.springframework.beans.factory.support.DefaultListableBeanFactory.destroySingletons(DefaultListableBeanFactory.java:1145)
	at org.springframework.context.support.AbstractApplicationContext.destroyBeans(AbstractApplicationContext.java:1106)
	at org.springframework.context.support.AbstractApplicationContext.doClose(AbstractApplicationContext.java:1075)
	at org.springframework.boot.web.servlet.context.ServletWebServerApplicationContext.doClose(ServletWebServerApplicationContext.java:172)
	at org.springframework.context.support.AbstractApplicationContext.close(AbstractApplicationContext.java:1021)
	at org.springframework.boot.SpringApplicationShutdownHook.closeAndWait(SpringApplicationShutdownHook.java:131)
	at java.base/java.lang.Iterable.forEach(Iterable.java:75)
	at org.springframework.boot.SpringApplicationShutdownHook.run(SpringApplicationShutdownHook.java:100)
	at java.base/java.lang.Thread.run(Thread.java:829)
Caused by: org.apache.http.conn.HttpHostConnectException: Connect to domain-eureka:8761 [domain-eureka/127.0.0.1] failed: Connection refused: connect
	at org.apache.http.impl.conn.DefaultHttpClientConnectionOperator.connect(DefaultHttpClientConnectionOperator.java:156)
	at org.apache.http.impl.conn.PoolingHttpClientConnectionManager.connect(PoolingHttpClientConnectionManager.java:376)
	at org.apache.http.impl.execchain.MainClientExec.establishRoute(MainClientExec.java:393)
	at org.apache.http.impl.execchain.MainClientExec.execute(MainClientExec.java:236)
	at org.apache.http.impl.execchain.ProtocolExec.execute(ProtocolExec.java:186)
	at org.apache.http.impl.execchain.RetryExec.execute(RetryExec.java:89)
	at org.apache.http.impl.execchain.RedirectExec.execute(RedirectExec.java:110)
	at org.apache.http.impl.client.InternalHttpClient.doExecute(InternalHttpClient.java:185)
	at org.apache.http.impl.client.CloseableHttpClient.execute(CloseableHttpClient.java:83)
	at org.apache.http.impl.client.CloseableHttpClient.execute(CloseableHttpClient.java:56)
	at org.springframework.http.client.HttpComponentsClientHttpRequest.executeInternal(HttpComponentsClientHttpRequest.java:87)
	at org.springframework.http.client.AbstractBufferingClientHttpRequest.executeInternal(AbstractBufferingClientHttpRequest.java:48)
	at org.springframework.http.client.AbstractClientHttpRequest.execute(AbstractClientHttpRequest.java:66)
	at org.springframework.web.client.RestTemplate.doExecute(RestTemplate.java:776)
	... 39 more
Caused by: java.net.ConnectException: Connection refused: connect
	at java.base/java.net.PlainSocketImpl.connect0(Native Method)
	at java.base/java.net.PlainSocketImpl.socketConnect(PlainSocketImpl.java:101)
	at java.base/java.net.AbstractPlainSocketImpl.doConnect(AbstractPlainSocketImpl.java:412)
	at java.base/java.net.AbstractPlainSocketImpl.connectToAddress(AbstractPlainSocketImpl.java:255)
	at java.base/java.net.AbstractPlainSocketImpl.connect(AbstractPlainSocketImpl.java:237)
	at java.base/java.net.SocksSocketImpl.connect(SocksSocketImpl.java:392)
	at java.base/java.net.Socket.connect(Socket.java:609)
	at org.apache.http.conn.socket.PlainConnectionSocketFactory.connectSocket(PlainConnectionSocketFactory.java:75)
	at org.apache.http.impl.conn.DefaultHttpClientConnectionOperator.connect(DefaultHttpClientConnectionOperator.java:142)
	... 52 more

2023-04-16 13:26:14.938 WARN  c.n.d.s.t.decorator.RetryableEurekaHttpClient     :130  [32m        [0;39m Request execution failed with message: I/O error on DELETE request for "http://domain-eureka:8761/eureka/apps/API-SYSTEM/localhost:api-system:9001": Connect to domain-eureka:8761 [domain-eureka/127.0.0.1] failed: Connection refused: connect; nested exception is org.apache.http.conn.HttpHostConnectException: Connect to domain-eureka:8761 [domain-eureka/127.0.0.1] failed: Connection refused: connect
2023-04-16 13:26:14.957 INFO  c.n.d.s.t.decorator.RedirectingEurekaHttpClient   :84   [32m        [0;39m Request execution error. endpoint=DefaultEndpoint{ serviceUrl='http://domain-eureka:8761/eureka/}, exception=I/O error on DELETE request for "http://domain-eureka:8761/eureka/apps/API-SYSTEM/localhost:api-system:9001": Connect to domain-eureka:8761 [domain-eureka/127.0.0.1] failed: Connection refused: connect; nested exception is org.apache.http.conn.HttpHostConnectException: Connect to domain-eureka:8761 [domain-eureka/127.0.0.1] failed: Connection refused: connect stacktrace=org.springframework.web.client.ResourceAccessException: I/O error on DELETE request for "http://domain-eureka:8761/eureka/apps/API-SYSTEM/localhost:api-system:9001": Connect to domain-eureka:8761 [domain-eureka/127.0.0.1] failed: Connection refused: connect; nested exception is org.apache.http.conn.HttpHostConnectException: Connect to domain-eureka:8761 [domain-eureka/127.0.0.1] failed: Connection refused: connect
	at org.springframework.web.client.RestTemplate.doExecute(RestTemplate.java:785)
	at org.springframework.web.client.RestTemplate.execute(RestTemplate.java:711)
	at org.springframework.web.client.RestTemplate.exchange(RestTemplate.java:602)
	at org.springframework.cloud.netflix.eureka.http.RestTemplateEurekaHttpClient.cancel(RestTemplateEurekaHttpClient.java:87)
	at com.netflix.discovery.shared.transport.decorator.EurekaHttpClientDecorator$2.execute(EurekaHttpClientDecorator.java:74)
	at com.netflix.discovery.shared.transport.decorator.RedirectingEurekaHttpClient.executeOnNewServer(RedirectingEurekaHttpClient.java:121)
	at com.netflix.discovery.shared.transport.decorator.RedirectingEurekaHttpClient.execute(RedirectingEurekaHttpClient.java:80)
	at com.netflix.discovery.shared.transport.decorator.EurekaHttpClientDecorator.cancel(EurekaHttpClientDecorator.java:71)
	at com.netflix.discovery.shared.transport.decorator.EurekaHttpClientDecorator$2.execute(EurekaHttpClientDecorator.java:74)
	at com.netflix.discovery.shared.transport.decorator.RetryableEurekaHttpClient.execute(RetryableEurekaHttpClient.java:120)
	at com.netflix.discovery.shared.transport.decorator.EurekaHttpClientDecorator.cancel(EurekaHttpClientDecorator.java:71)
	at com.netflix.discovery.shared.transport.decorator.EurekaHttpClientDecorator$2.execute(EurekaHttpClientDecorator.java:74)
	at com.netflix.discovery.shared.transport.decorator.SessionedEurekaHttpClient.execute(SessionedEurekaHttpClient.java:77)
	at com.netflix.discovery.shared.transport.decorator.EurekaHttpClientDecorator.cancel(EurekaHttpClientDecorator.java:71)
	at com.netflix.discovery.DiscoveryClient.unregister(DiscoveryClient.java:972)
	at com.netflix.discovery.DiscoveryClient.shutdown(DiscoveryClient.java:948)
	at java.base/jdk.internal.reflect.NativeMethodAccessorImpl.invoke0(Native Method)
	at java.base/jdk.internal.reflect.NativeMethodAccessorImpl.invoke(NativeMethodAccessorImpl.java:62)
	at java.base/jdk.internal.reflect.DelegatingMethodAccessorImpl.invoke(DelegatingMethodAccessorImpl.java:43)
	at java.base/java.lang.reflect.Method.invoke(Method.java:566)
	at org.springframework.beans.factory.annotation.InitDestroyAnnotationBeanPostProcessor$LifecycleElement.invoke(InitDestroyAnnotationBeanPostProcessor.java:389)
	at org.springframework.beans.factory.annotation.InitDestroyAnnotationBeanPostProcessor$LifecycleMetadata.invokeDestroyMethods(InitDestroyAnnotationBeanPostProcessor.java:347)
	at org.springframework.beans.factory.annotation.InitDestroyAnnotationBeanPostProcessor.postProcessBeforeDestruction(InitDestroyAnnotationBeanPostProcessor.java:177)
	at org.springframework.beans.factory.support.DisposableBeanAdapter.destroy(DisposableBeanAdapter.java:184)
	at org.springframework.beans.factory.support.DisposableBeanAdapter.run(DisposableBeanAdapter.java:177)
	at org.springframework.cloud.context.scope.GenericScope$BeanLifecycleWrapper.destroy(GenericScope.java:390)
	at org.springframework.cloud.context.scope.GenericScope.destroy(GenericScope.java:136)
	at org.springframework.beans.factory.support.DisposableBeanAdapter.destroy(DisposableBeanAdapter.java:200)
	at org.springframework.beans.factory.support.DefaultSingletonBeanRegistry.destroyBean(DefaultSingletonBeanRegistry.java:587)
	at org.springframework.beans.factory.support.DefaultSingletonBeanRegistry.destroySingleton(DefaultSingletonBeanRegistry.java:559)
	at org.springframework.beans.factory.support.DefaultListableBeanFactory.destroySingleton(DefaultListableBeanFactory.java:1152)
	at org.springframework.beans.factory.support.DefaultSingletonBeanRegistry.destroySingletons(DefaultSingletonBeanRegistry.java:520)
	at org.springframework.beans.factory.support.DefaultListableBeanFactory.destroySingletons(DefaultListableBeanFactory.java:1145)
	at org.springframework.context.support.AbstractApplicationContext.destroyBeans(AbstractApplicationContext.java:1106)
	at org.springframework.context.support.AbstractApplicationContext.doClose(AbstractApplicationContext.java:1075)
	at org.springframework.boot.web.servlet.context.ServletWebServerApplicationContext.doClose(ServletWebServerApplicationContext.java:172)
	at org.springframework.context.support.AbstractApplicationContext.close(AbstractApplicationContext.java:1021)
	at org.springframework.boot.SpringApplicationShutdownHook.closeAndWait(SpringApplicationShutdownHook.java:131)
	at java.base/java.lang.Iterable.forEach(Iterable.java:75)
	at org.springframework.boot.SpringApplicationShutdownHook.run(SpringApplicationShutdownHook.java:100)
	at java.base/java.lang.Thread.run(Thread.java:829)
Caused by: org.apache.http.conn.HttpHostConnectException: Connect to domain-eureka:8761 [domain-eureka/127.0.0.1] failed: Connection refused: connect
	at org.apache.http.impl.conn.DefaultHttpClientConnectionOperator.connect(DefaultHttpClientConnectionOperator.java:156)
	at org.apache.http.impl.conn.PoolingHttpClientConnectionManager.connect(PoolingHttpClientConnectionManager.java:376)
	at org.apache.http.impl.execchain.MainClientExec.establishRoute(MainClientExec.java:393)
	at org.apache.http.impl.execchain.MainClientExec.execute(MainClientExec.java:236)
	at org.apache.http.impl.execchain.ProtocolExec.execute(ProtocolExec.java:186)
	at org.apache.http.impl.execchain.RetryExec.execute(RetryExec.java:89)
	at org.apache.http.impl.execchain.RedirectExec.execute(RedirectExec.java:110)
	at org.apache.http.impl.client.InternalHttpClient.doExecute(InternalHttpClient.java:185)
	at org.apache.http.impl.client.CloseableHttpClient.execute(CloseableHttpClient.java:83)
	at org.apache.http.impl.client.CloseableHttpClient.execute(CloseableHttpClient.java:56)
	at org.springframework.http.client.HttpComponentsClientHttpRequest.executeInternal(HttpComponentsClientHttpRequest.java:87)
	at org.springframework.http.client.AbstractBufferingClientHttpRequest.executeInternal(AbstractBufferingClientHttpRequest.java:48)
	at org.springframework.http.client.AbstractClientHttpRequest.execute(AbstractClientHttpRequest.java:66)
	at org.springframework.web.client.RestTemplate.doExecute(RestTemplate.java:776)
	... 40 more
Caused by: java.net.ConnectException: Connection refused: connect
	at java.base/java.net.PlainSocketImpl.connect0(Native Method)
	at java.base/java.net.PlainSocketImpl.socketConnect(PlainSocketImpl.java:101)
	at java.base/java.net.AbstractPlainSocketImpl.doConnect(AbstractPlainSocketImpl.java:412)
	at java.base/java.net.AbstractPlainSocketImpl.connectToAddress(AbstractPlainSocketImpl.java:255)
	at java.base/java.net.AbstractPlainSocketImpl.connect(AbstractPlainSocketImpl.java:237)
	at java.base/java.net.SocksSocketImpl.connect(SocksSocketImpl.java:392)
	at java.base/java.net.Socket.connect(Socket.java:609)
	at org.apache.http.conn.socket.PlainConnectionSocketFactory.connectSocket(PlainConnectionSocketFactory.java:75)
	at org.apache.http.impl.conn.DefaultHttpClientConnectionOperator.connect(DefaultHttpClientConnectionOperator.java:142)
	... 53 more

2023-04-16 13:26:14.958 WARN  c.n.d.s.t.decorator.RetryableEurekaHttpClient     :130  [32m        [0;39m Request execution failed with message: I/O error on DELETE request for "http://domain-eureka:8761/eureka/apps/API-SYSTEM/localhost:api-system:9001": Connect to domain-eureka:8761 [domain-eureka/127.0.0.1] failed: Connection refused: connect; nested exception is org.apache.http.conn.HttpHostConnectException: Connect to domain-eureka:8761 [domain-eureka/127.0.0.1] failed: Connection refused: connect
2023-04-16 13:26:14.962 ERROR com.netflix.discovery.DiscoveryClient             :975  [32m        [0;39m DiscoveryClient_API-SYSTEM/localhost:api-system:9001 - de-registration failedCannot execute request on any known server
com.netflix.discovery.shared.transport.TransportException: Cannot execute request on any known server
	at com.netflix.discovery.shared.transport.decorator.RetryableEurekaHttpClient.execute(RetryableEurekaHttpClient.java:112)
	at com.netflix.discovery.shared.transport.decorator.EurekaHttpClientDecorator.cancel(EurekaHttpClientDecorator.java:71)
	at com.netflix.discovery.shared.transport.decorator.EurekaHttpClientDecorator$2.execute(EurekaHttpClientDecorator.java:74)
	at com.netflix.discovery.shared.transport.decorator.SessionedEurekaHttpClient.execute(SessionedEurekaHttpClient.java:77)
	at com.netflix.discovery.shared.transport.decorator.EurekaHttpClientDecorator.cancel(EurekaHttpClientDecorator.java:71)
	at com.netflix.discovery.DiscoveryClient.unregister(DiscoveryClient.java:972)
	at com.netflix.discovery.DiscoveryClient.shutdown(DiscoveryClient.java:948)
	at java.base/jdk.internal.reflect.NativeMethodAccessorImpl.invoke0(Native Method)
	at java.base/jdk.internal.reflect.NativeMethodAccessorImpl.invoke(NativeMethodAccessorImpl.java:62)
	at java.base/jdk.internal.reflect.DelegatingMethodAccessorImpl.invoke(DelegatingMethodAccessorImpl.java:43)
	at java.base/java.lang.reflect.Method.invoke(Method.java:566)
	at org.springframework.beans.factory.annotation.InitDestroyAnnotationBeanPostProcessor$LifecycleElement.invoke(InitDestroyAnnotationBeanPostProcessor.java:389)
	at org.springframework.beans.factory.annotation.InitDestroyAnnotationBeanPostProcessor$LifecycleMetadata.invokeDestroyMethods(InitDestroyAnnotationBeanPostProcessor.java:347)
	at org.springframework.beans.factory.annotation.InitDestroyAnnotationBeanPostProcessor.postProcessBeforeDestruction(InitDestroyAnnotationBeanPostProcessor.java:177)
	at org.springframework.beans.factory.support.DisposableBeanAdapter.destroy(DisposableBeanAdapter.java:184)
	at org.springframework.beans.factory.support.DisposableBeanAdapter.run(DisposableBeanAdapter.java:177)
	at org.springframework.cloud.context.scope.GenericScope$BeanLifecycleWrapper.destroy(GenericScope.java:390)
	at org.springframework.cloud.context.scope.GenericScope.destroy(GenericScope.java:136)
	at org.springframework.beans.factory.support.DisposableBeanAdapter.destroy(DisposableBeanAdapter.java:200)
	at org.springframework.beans.factory.support.DefaultSingletonBeanRegistry.destroyBean(DefaultSingletonBeanRegistry.java:587)
	at org.springframework.beans.factory.support.DefaultSingletonBeanRegistry.destroySingleton(DefaultSingletonBeanRegistry.java:559)
	at org.springframework.beans.factory.support.DefaultListableBeanFactory.destroySingleton(DefaultListableBeanFactory.java:1152)
	at org.springframework.beans.factory.support.DefaultSingletonBeanRegistry.destroySingletons(DefaultSingletonBeanRegistry.java:520)
	at org.springframework.beans.factory.support.DefaultListableBeanFactory.destroySingletons(DefaultListableBeanFactory.java:1145)
	at org.springframework.context.support.AbstractApplicationContext.destroyBeans(AbstractApplicationContext.java:1106)
	at org.springframework.context.support.AbstractApplicationContext.doClose(AbstractApplicationContext.java:1075)
	at org.springframework.boot.web.servlet.context.ServletWebServerApplicationContext.doClose(ServletWebServerApplicationContext.java:172)
	at org.springframework.context.support.AbstractApplicationContext.close(AbstractApplicationContext.java:1021)
	at org.springframework.boot.SpringApplicationShutdownHook.closeAndWait(SpringApplicationShutdownHook.java:131)
	at java.base/java.lang.Iterable.forEach(Iterable.java:75)
	at org.springframework.boot.SpringApplicationShutdownHook.run(SpringApplicationShutdownHook.java:100)
	at java.base/java.lang.Thread.run(Thread.java:829)
2023-04-16 13:26:15.008 INFO  com.netflix.discovery.DiscoveryClient             :960  [32m        [0;39m Completed shut down of DiscoveryClient
2023-04-16 13:32:14.897 INFO  org.hibernate.validator.internal.util.Version     :21   [32m        [0;39m HV000001: Hibernate Validator 6.2.0.Final
2023-04-16 13:32:14.941 INFO  o.s.b.d.env.DevToolsPropertyDefaultsPostProcessor :255  [32m        [0;39m Devtools property defaults active! Set 'spring.devtools.add-properties' to 'false' to disable
2023-04-16 13:32:16.836 INFO  o.s.c.c.client.ConfigServicePropertySourceLocator :226  [32m        [0;39m Fetching config from server at : http://domain-config:8888/
2023-04-16 13:32:16.985 INFO  o.s.c.c.client.ConfigServicePropertySourceLocator :150  [32m        [0;39m Located environment: name=api-system, profiles=[dev], label=dev, version=null, state=null
2023-04-16 13:32:16.986 INFO  o.s.c.b.c.PropertySourceBootstrapConfiguration    :109  [32m        [0;39m Located property source: [BootstrapPropertySource {name='bootstrapProperties-configClient'}, BootstrapPropertySource {name='bootstrapProperties-class path resource [config/dev/api-system-dev.yml]'}]
2023-04-16 13:32:17.005 INFO  com.douding.system.SystemApplication              :663  [32m        [0;39m The following profiles are active: dev
2023-04-16 13:32:18.133 INFO  o.s.d.r.config.RepositoryConfigurationDelegate    :262  [32m        [0;39m Multiple Spring Data modules found, entering strict repository configuration mode!
2023-04-16 13:32:18.137 INFO  o.s.d.r.config.RepositoryConfigurationDelegate    :132  [32m        [0;39m Bootstrapping Spring Data Redis repositories in DEFAULT mode.
2023-04-16 13:32:18.158 INFO  o.s.d.r.config.RepositoryConfigurationDelegate    :201  [32m        [0;39m Finished Spring Data repository scanning in 7 ms. Found 0 Redis repository interfaces.
2023-04-16 13:32:18.419 INFO  o.springframework.cloud.context.scope.GenericScope:283  [32m        [0;39m BeanFactory id=2c6dd185-5e84-318b-aeab-2e185311e4a7
2023-04-16 13:32:19.391 INFO  o.s.boot.web.embedded.tomcat.TomcatWebServer      :108  [32m        [0;39m Tomcat initialized with port(s): 9001 (http)
2023-04-16 13:32:19.419 INFO  org.apache.coyote.http11.Http11NioProtocol        :173  [32m        [0;39m Initializing ProtocolHandler ["http-nio-9001"]
2023-04-16 13:32:19.421 INFO  org.apache.catalina.core.StandardService          :173  [32m        [0;39m Starting service [Tomcat]
2023-04-16 13:32:19.425 INFO  org.apache.catalina.core.StandardEngine           :173  [32m        [0;39m Starting Servlet engine: [Apache Tomcat/9.0.50]
2023-04-16 13:32:19.581 INFO  o.a.c.c.C.[Tomcat].[localhost].[/system]          :173  [32m        [0;39m Initializing Spring embedded WebApplicationContext
2023-04-16 13:32:19.582 INFO  o.s.b.w.s.c.ServletWebServerApplicationContext    :290  [32m        [0;39m Root WebApplicationContext: initialization completed in 2550 ms
2023-04-16 13:32:21.713 WARN  o.s.b.d.autoconfigure.OptionalLiveReloadServer    :61   [32m        [0;39m Unable to start LiveReload server
2023-04-16 13:32:23.115 INFO  org.springframework.cloud.commons.util.InetUtils  :170  [32m        [0;39m Cannot determine local hostname
2023-04-16 13:32:23.208 INFO  o.s.c.n.e.c.DiscoveryClientOptionalArgsConfiguration:68   [32m        [0;39m Eureka HTTP Client uses RestTemplate.
2023-04-16 13:32:24.622 INFO  org.springframework.cloud.commons.util.InetUtils  :170  [32m        [0;39m Cannot determine local hostname
2023-04-16 13:32:24.815 WARN  o.s.c.l.c.LoadBalancerCacheAutoConfiguration$LoadBalancerCaffeineWarnLogger:82   [32m        [0;39m Spring Cloud LoadBalancer is currently working with the default cache. You can switch to using Caffeine cache, by adding it and org.springframework.cache.caffeine.CaffeineCacheManager to the classpath.
2023-04-16 13:32:24.960 INFO  o.s.cloud.netflix.eureka.InstanceInfoFactory      :67   [32m        [0;39m Setting initial instance status as: STARTING
2023-04-16 13:32:24.995 INFO  com.netflix.discovery.DiscoveryClient             :372  [32m        [0;39m Initializing Eureka in region us-east-1
2023-04-16 13:32:25.000 INFO  c.n.d.shared.resolver.aws.ConfigClusterResolver   :43   [32m        [0;39m Resolving eureka endpoints via configuration
2023-04-16 13:32:25.028 INFO  com.netflix.discovery.DiscoveryClient             :1007 [32m        [0;39m Disable delta property : false
2023-04-16 13:32:25.029 INFO  com.netflix.discovery.DiscoveryClient             :1008 [32m        [0;39m Single vip registry refresh property : null
2023-04-16 13:32:25.029 INFO  com.netflix.discovery.DiscoveryClient             :1009 [32m        [0;39m Force full registry fetch : false
2023-04-16 13:32:25.029 INFO  com.netflix.discovery.DiscoveryClient             :1010 [32m        [0;39m Application is null : false
2023-04-16 13:32:25.029 INFO  com.netflix.discovery.DiscoveryClient             :1011 [32m        [0;39m Registered Applications size is zero : true
2023-04-16 13:32:25.029 INFO  com.netflix.discovery.DiscoveryClient             :1013 [32m        [0;39m Application version is -1: true
2023-04-16 13:32:25.030 INFO  com.netflix.discovery.DiscoveryClient             :1097 [32m        [0;39m Getting all instance registry info from the eureka server
2023-04-16 13:32:25.427 INFO  com.netflix.discovery.DiscoveryClient             :1106 [32m        [0;39m The response status is 200
2023-04-16 13:32:25.430 INFO  com.netflix.discovery.DiscoveryClient             :1321 [32m        [0;39m Starting heartbeat executor: renew interval is: 30
2023-04-16 13:32:25.434 INFO  com.netflix.discovery.InstanceInfoReplicator      :60   [32m        [0;39m InstanceInfoReplicator onDemand update allowed rate per min is 4
2023-04-16 13:32:25.443 INFO  com.netflix.discovery.DiscoveryClient             :492  [32m        [0;39m Discovery Client initialized at timestamp 1681623145440 with initial instances count: 4
2023-04-16 13:32:25.460 INFO  o.s.c.n.e.serviceregistry.EurekaServiceRegistry   :41   [32m        [0;39m Registering application API-SYSTEM with eureka with status UP
2023-04-16 13:32:25.461 INFO  com.netflix.discovery.DiscoveryClient             :1352 [32m        [0;39m Saw local status change event StatusChangeEvent [timestamp=1681623145461, current=UP, previous=STARTING]
2023-04-16 13:32:25.464 INFO  com.netflix.discovery.DiscoveryClient             :873  [32m        [0;39m DiscoveryClient_API-SYSTEM/localhost:api-system:9001: registering service...
2023-04-16 13:32:25.466 INFO  org.apache.coyote.http11.Http11NioProtocol        :173  [32m        [0;39m Starting ProtocolHandler ["http-nio-9001"]
2023-04-16 13:32:25.502 INFO  o.s.boot.web.embedded.tomcat.TomcatWebServer      :220  [32m        [0;39m Tomcat started on port(s): 9001 (http) with context path '/system'
2023-04-16 13:32:25.504 INFO  o.s.c.n.e.s.EurekaAutoServiceRegistration         :144  [32m        [0;39m Updating port to 9001
2023-04-16 13:32:25.542 INFO  com.netflix.discovery.DiscoveryClient             :882  [32m        [0;39m DiscoveryClient_API-SYSTEM/localhost:api-system:9001 - registration status: 204
2023-04-16 13:32:26.931 INFO  org.springframework.cloud.commons.util.InetUtils  :170  [32m        [0;39m Cannot determine local hostname
2023-04-16 13:32:26.967 INFO  com.douding.system.SystemApplication              :61   [32m        [0;39m Started SystemApplication in 14.705 seconds (JVM running for 17.519)
2023-04-16 13:32:26.975 INFO  com.douding.system.SystemApplication              :25   [32m        [0;39m å¯åŠ¨æˆåŠŸï¼ï¼
2023-04-16 13:32:26.977 INFO  com.douding.system.SystemApplication              :26   [32m        [0;39m System: 	http://127.0.0.1:9001
2023-04-16 13:33:14.873 INFO  org.hibernate.validator.internal.util.Version     :21   [32m        [0;39m HV000001: Hibernate Validator 6.2.0.Final
2023-04-16 13:33:14.934 INFO  o.s.b.d.env.DevToolsPropertyDefaultsPostProcessor :255  [32m        [0;39m Devtools property defaults active! Set 'spring.devtools.add-properties' to 'false' to disable
2023-04-16 13:37:25.039 INFO  c.n.d.shared.resolver.aws.ConfigClusterResolver   :43   [32m        [0;39m Resolving eureka endpoints via configuration
2023-04-16 13:38:46.838 INFO  o.s.c.n.e.serviceregistry.EurekaServiceRegistry   :62   [32m        [0;39m Unregistering application API-SYSTEM with eureka with status DOWN
2023-04-16 13:38:46.839 INFO  com.netflix.discovery.DiscoveryClient             :1352 [32m        [0;39m Saw local status change event StatusChangeEvent [timestamp=1681623526839, current=DOWN, previous=UP]
2023-04-16 13:38:46.839 INFO  com.netflix.discovery.DiscoveryClient             :873  [32m        [0;39m DiscoveryClient_API-SYSTEM/localhost:api-system:9001: registering service...
2023-04-16 13:38:46.853 INFO  com.netflix.discovery.DiscoveryClient             :882  [32m        [0;39m DiscoveryClient_API-SYSTEM/localhost:api-system:9001 - registration status: 204
2023-04-16 13:38:47.231 INFO  com.netflix.discovery.DiscoveryClient             :935  [32m        [0;39m Shutting down DiscoveryClient ...
2023-04-16 13:38:50.240 INFO  com.netflix.discovery.DiscoveryClient             :971  [32m        [0;39m Unregistering ...
2023-04-16 13:38:50.274 INFO  com.netflix.discovery.DiscoveryClient             :973  [32m        [0;39m DiscoveryClient_API-SYSTEM/localhost:api-system:9001 - deregister  status: 200
2023-04-16 13:38:50.279 INFO  com.netflix.discovery.DiscoveryClient             :960  [32m        [0;39m Completed shut down of DiscoveryClient
2023-04-16 13:38:59.445 INFO  org.hibernate.validator.internal.util.Version     :21   [32m        [0;39m HV000001: Hibernate Validator 6.2.0.Final
2023-04-16 13:38:59.467 INFO  o.s.b.d.env.DevToolsPropertyDefaultsPostProcessor :255  [32m        [0;39m Devtools property defaults active! Set 'spring.devtools.add-properties' to 'false' to disable
2023-04-16 13:39:01.174 INFO  o.s.c.c.client.ConfigServicePropertySourceLocator :226  [32m        [0;39m Fetching config from server at : http://domain-config:8888/
2023-04-16 13:39:01.301 INFO  o.s.c.c.client.ConfigServicePropertySourceLocator :150  [32m        [0;39m Located environment: name=api-system, profiles=[dev], label=dev, version=null, state=null
2023-04-16 13:39:01.302 INFO  o.s.c.b.c.PropertySourceBootstrapConfiguration    :109  [32m        [0;39m Located property source: [BootstrapPropertySource {name='bootstrapProperties-configClient'}, BootstrapPropertySource {name='bootstrapProperties-class path resource [config/dev/api-system-dev.yml]'}]
2023-04-16 13:39:01.323 INFO  com.douding.system.SystemApplication              :663  [32m        [0;39m The following profiles are active: dev
2023-04-16 13:39:02.448 INFO  o.s.d.r.config.RepositoryConfigurationDelegate    :262  [32m        [0;39m Multiple Spring Data modules found, entering strict repository configuration mode!
2023-04-16 13:39:02.451 INFO  o.s.d.r.config.RepositoryConfigurationDelegate    :132  [32m        [0;39m Bootstrapping Spring Data Redis repositories in DEFAULT mode.
2023-04-16 13:39:02.469 INFO  o.s.d.r.config.RepositoryConfigurationDelegate    :201  [32m        [0;39m Finished Spring Data repository scanning in 6 ms. Found 0 Redis repository interfaces.
2023-04-16 13:39:02.691 INFO  o.springframework.cloud.context.scope.GenericScope:283  [32m        [0;39m BeanFactory id=2c6dd185-5e84-318b-aeab-2e185311e4a7
2023-04-16 13:39:03.452 INFO  o.s.boot.web.embedded.tomcat.TomcatWebServer      :108  [32m        [0;39m Tomcat initialized with port(s): 9001 (http)
2023-04-16 13:39:03.461 INFO  org.apache.coyote.http11.Http11NioProtocol        :173  [32m        [0;39m Initializing ProtocolHandler ["http-nio-9001"]
2023-04-16 13:39:03.462 INFO  org.apache.catalina.core.StandardService          :173  [32m        [0;39m Starting service [Tomcat]
2023-04-16 13:39:03.462 INFO  org.apache.catalina.core.StandardEngine           :173  [32m        [0;39m Starting Servlet engine: [Apache Tomcat/9.0.50]
2023-04-16 13:39:03.561 INFO  o.a.c.c.C.[Tomcat].[localhost].[/system]          :173  [32m        [0;39m Initializing Spring embedded WebApplicationContext
2023-04-16 13:39:03.562 INFO  o.s.b.w.s.c.ServletWebServerApplicationContext    :290  [32m        [0;39m Root WebApplicationContext: initialization completed in 2223 ms
2023-04-16 13:39:05.672 WARN  o.s.b.d.autoconfigure.OptionalLiveReloadServer    :61   [32m        [0;39m Unable to start LiveReload server
2023-04-16 13:39:07.019 INFO  org.springframework.cloud.commons.util.InetUtils  :170  [32m        [0;39m Cannot determine local hostname
2023-04-16 13:39:07.103 INFO  o.s.c.n.e.c.DiscoveryClientOptionalArgsConfiguration:68   [32m        [0;39m Eureka HTTP Client uses RestTemplate.
2023-04-16 13:39:08.545 INFO  org.springframework.cloud.commons.util.InetUtils  :170  [32m        [0;39m Cannot determine local hostname
2023-04-16 13:39:08.640 WARN  o.s.c.l.c.LoadBalancerCacheAutoConfiguration$LoadBalancerCaffeineWarnLogger:82   [32m        [0;39m Spring Cloud LoadBalancer is currently working with the default cache. You can switch to using Caffeine cache, by adding it and org.springframework.cache.caffeine.CaffeineCacheManager to the classpath.
2023-04-16 13:39:08.736 INFO  o.s.cloud.netflix.eureka.InstanceInfoFactory      :67   [32m        [0;39m Setting initial instance status as: STARTING
2023-04-16 13:39:08.821 INFO  com.netflix.discovery.DiscoveryClient             :372  [32m        [0;39m Initializing Eureka in region us-east-1
2023-04-16 13:39:08.827 INFO  c.n.d.shared.resolver.aws.ConfigClusterResolver   :43   [32m        [0;39m Resolving eureka endpoints via configuration
2023-04-16 13:39:08.851 INFO  com.netflix.discovery.DiscoveryClient             :1007 [32m        [0;39m Disable delta property : false
2023-04-16 13:39:08.852 INFO  com.netflix.discovery.DiscoveryClient             :1008 [32m        [0;39m Single vip registry refresh property : null
2023-04-16 13:39:08.852 INFO  com.netflix.discovery.DiscoveryClient             :1009 [32m        [0;39m Force full registry fetch : false
2023-04-16 13:39:08.852 INFO  com.netflix.discovery.DiscoveryClient             :1010 [32m        [0;39m Application is null : false
2023-04-16 13:39:08.852 INFO  com.netflix.discovery.DiscoveryClient             :1011 [32m        [0;39m Registered Applications size is zero : true
2023-04-16 13:39:08.852 INFO  com.netflix.discovery.DiscoveryClient             :1013 [32m        [0;39m Application version is -1: true
2023-04-16 13:39:08.852 INFO  com.netflix.discovery.DiscoveryClient             :1097 [32m        [0;39m Getting all instance registry info from the eureka server
2023-04-16 13:39:09.102 INFO  com.netflix.discovery.DiscoveryClient             :1106 [32m        [0;39m The response status is 200
2023-04-16 13:39:09.106 INFO  com.netflix.discovery.DiscoveryClient             :1321 [32m        [0;39m Starting heartbeat executor: renew interval is: 30
2023-04-16 13:39:09.110 INFO  com.netflix.discovery.InstanceInfoReplicator      :60   [32m        [0;39m InstanceInfoReplicator onDemand update allowed rate per min is 4
2023-04-16 13:39:09.128 INFO  com.netflix.discovery.DiscoveryClient             :492  [32m        [0;39m Discovery Client initialized at timestamp 1681623549126 with initial instances count: 3
2023-04-16 13:39:09.146 INFO  o.s.c.n.e.serviceregistry.EurekaServiceRegistry   :41   [32m        [0;39m Registering application API-SYSTEM with eureka with status UP
2023-04-16 13:39:09.150 INFO  com.netflix.discovery.DiscoveryClient             :1352 [32m        [0;39m Saw local status change event StatusChangeEvent [timestamp=1681623549149, current=UP, previous=STARTING]
2023-04-16 13:39:09.154 INFO  com.netflix.discovery.DiscoveryClient             :873  [32m        [0;39m DiscoveryClient_API-SYSTEM/localhost:api-system:9001: registering service...
2023-04-16 13:39:09.156 INFO  org.apache.coyote.http11.Http11NioProtocol        :173  [32m        [0;39m Starting ProtocolHandler ["http-nio-9001"]
2023-04-16 13:39:09.207 INFO  o.s.boot.web.embedded.tomcat.TomcatWebServer      :220  [32m        [0;39m Tomcat started on port(s): 9001 (http) with context path '/system'
2023-04-16 13:39:09.209 INFO  o.s.c.n.e.s.EurekaAutoServiceRegistration         :144  [32m        [0;39m Updating port to 9001
2023-04-16 13:39:09.245 INFO  com.netflix.discovery.DiscoveryClient             :882  [32m        [0;39m DiscoveryClient_API-SYSTEM/localhost:api-system:9001 - registration status: 204
2023-04-16 13:39:10.700 INFO  org.springframework.cloud.commons.util.InetUtils  :170  [32m        [0;39m Cannot determine local hostname
2023-04-16 13:39:10.723 INFO  com.douding.system.SystemApplication              :61   [32m        [0;39m Started SystemApplication in 13.638 seconds (JVM running for 15.736)
2023-04-16 13:39:10.730 INFO  com.douding.system.SystemApplication              :25   [32m        [0;39m å¯åŠ¨æˆåŠŸï¼ï¼
2023-04-16 13:39:10.731 INFO  com.douding.system.SystemApplication              :26   [32m        [0;39m System: 	http://127.0.0.1:9001
2023-04-16 13:44:08.871 INFO  c.n.d.shared.resolver.aws.ConfigClusterResolver   :43   [32m        [0;39m Resolving eureka endpoints via configuration
2023-04-16 13:49:08.878 INFO  c.n.d.shared.resolver.aws.ConfigClusterResolver   :43   [32m        [0;39m Resolving eureka endpoints via configuration
2023-04-16 13:54:08.882 INFO  c.n.d.shared.resolver.aws.ConfigClusterResolver   :43   [32m        [0;39m Resolving eureka endpoints via configuration
2023-04-16 13:59:08.892 INFO  c.n.d.shared.resolver.aws.ConfigClusterResolver   :43   [32m        [0;39m Resolving eureka endpoints via configuration
2023-04-16 14:04:08.900 INFO  c.n.d.shared.resolver.aws.ConfigClusterResolver   :43   [32m        [0;39m Resolving eureka endpoints via configuration
2023-04-16 14:09:08.912 INFO  c.n.d.shared.resolver.aws.ConfigClusterResolver   :43   [32m        [0;39m Resolving eureka endpoints via configuration
2023-04-16 14:13:34.970 INFO  o.a.c.c.C.[Tomcat].[localhost].[/system]          :173  [32m        [0;39m Initializing Spring DispatcherServlet 'dispatcherServlet'
2023-04-16 14:13:34.971 INFO  org.springframework.web.servlet.DispatcherServlet :525  [32m        [0;39m Initializing Servlet 'dispatcherServlet'
2023-04-16 14:13:35.002 INFO  org.springframework.web.servlet.DispatcherServlet :547  [32m        [0;39m Completed initialization in 30 ms
2023-04-16 14:13:35.098 INFO  com.douding.server.config.LogAspect               :76   [32mR9DXWJG5[0;39m ------------- ã€ç”¨æˆ·ã€‘æ“ä½œå¼€å§‹ -------------
2023-04-16 14:13:35.100 INFO  com.douding.server.config.LogAspect               :77   [32mR9DXWJG5[0;39m è¯·æ±‚åœ°å€: http://localhost:9001/system/admin/user/logout/ich42MWW GET
2023-04-16 14:13:35.100 INFO  com.douding.server.config.LogAspect               :78   [32mR9DXWJG5[0;39m ç±»åæ–¹æ³•: com.douding.system.controller.admin.UserController.logout
2023-04-16 14:13:35.100 INFO  com.douding.server.config.LogAspect               :79   [32mR9DXWJG5[0;39m è¿œç¨‹åœ°å€: 127.0.0.1
2023-04-16 14:13:35.149 INFO  com.douding.server.config.LogAspect               :97   [32mR9DXWJG5[0;39m è¯·æ±‚å‚æ•°: ["ich42MWW"]
2023-04-16 14:13:36.039 INFO  com.douding.system.controller.admin.UserController:135  [32mR9DXWJG5[0;39m ä»Žredisä¸­åˆ é™¤tokenich42MWW
2023-04-16 14:13:36.086 INFO  com.douding.server.config.LogAspect               :109  [32mR9DXWJG5[0;39m è¿”å›žç»“æžœ: {"success":true}
2023-04-16 14:13:36.086 INFO  com.douding.server.config.LogAspect               :110  [32mR9DXWJG5[0;39m ------------- ç»“æŸ è€—æ—¶ï¼š995 ms -------------
2023-04-16 14:13:36.198 INFO  com.douding.server.config.LogAspect               :76   [32mt4vpiCjy[0;39m ------------- ã€å›¾ç‰‡éªŒè¯ç ã€‘æ“ä½œå¼€å§‹ -------------
2023-04-16 14:13:36.199 INFO  com.douding.server.config.LogAspect               :77   [32mt4vpiCjy[0;39m è¯·æ±‚åœ°å€: http://localhost:9001/system/admin/kaptcha/image-code/Qs1hDDbx GET
2023-04-16 14:13:36.199 INFO  com.douding.server.config.LogAspect               :78   [32mt4vpiCjy[0;39m ç±»åæ–¹æ³•: com.douding.system.controller.admin.KaptchaController.imageCode
2023-04-16 14:13:36.199 INFO  com.douding.server.config.LogAspect               :79   [32mt4vpiCjy[0;39m è¿œç¨‹åœ°å€: 127.0.0.1
2023-04-16 14:13:36.200 INFO  com.douding.server.config.LogAspect               :97   [32mt4vpiCjy[0;39m è¯·æ±‚å‚æ•°: ["Qs1hDDbx",null,null]
2023-04-16 14:13:36.480 INFO  com.douding.server.config.LogAspect               :109  [32mt4vpiCjy[0;39m è¿”å›žç»“æžœ: null
2023-04-16 14:13:36.481 INFO  com.douding.server.config.LogAspect               :110  [32mt4vpiCjy[0;39m ------------- ç»“æŸ è€—æ—¶ï¼š283 ms -------------
2023-04-16 14:13:39.984 INFO  com.douding.server.config.LogAspect               :76   [32mGJocBCMc[0;39m ------------- ã€ç”¨æˆ·ã€‘æ“ä½œå¼€å§‹ -------------
2023-04-16 14:13:39.985 INFO  com.douding.server.config.LogAspect               :77   [32mGJocBCMc[0;39m è¯·æ±‚åœ°å€: http://localhost:9001/system/admin/user/login POST
2023-04-16 14:13:39.985 INFO  com.douding.server.config.LogAspect               :78   [32mGJocBCMc[0;39m ç±»åæ–¹æ³•: com.douding.system.controller.admin.UserController.login
2023-04-16 14:13:39.985 INFO  com.douding.server.config.LogAspect               :79   [32mGJocBCMc[0;39m è¿œç¨‹åœ°å€: 127.0.0.1
2023-04-16 14:13:39.992 INFO  com.douding.server.config.LogAspect               :97   [32mGJocBCMc[0;39m è¯·æ±‚å‚æ•°: [{"imageCode":"ye4g","imageCodeToken":"Qs1hDDbx","loginName":"admin","password":"6fb8a81a9009027fb1a9355113aa2e5a"},null]
2023-04-16 14:13:40.163 INFO  com.zaxxer.hikari.HikariDataSource                :110  [32mGJocBCMc[0;39m HikariPool-1 - Starting...
2023-04-16 14:13:40.375 INFO  com.zaxxer.hikari.HikariDataSource                :123  [32mGJocBCMc[0;39m HikariPool-1 - Start completed.
2023-04-16 14:13:40.381 DEBUG c.douding.server.mapper.UserMapper.selectByExample:159  [32mGJocBCMc[0;39m ==>  Preparing: select id, login_name, `name`, `password` from user WHERE ( login_name = ? ) 
2023-04-16 14:13:40.406 DEBUG c.douding.server.mapper.UserMapper.selectByExample:159  [32mGJocBCMc[0;39m ==> Parameters: admin(String)
2023-04-16 14:13:40.432 TRACE c.douding.server.mapper.UserMapper.selectByExample:165  [32mGJocBCMc[0;39m <==    Columns: id, login_name, name, password
2023-04-16 14:13:40.433 TRACE c.douding.server.mapper.UserMapper.selectByExample:165  [32mGJocBCMc[0;39m <==        Row: T4wswetU, admin, alex, 1f15d405949c4ed3c2279aa6d48b1e9a
2023-04-16 14:13:40.434 DEBUG c.douding.server.mapper.UserMapper.selectByExample:159  [32mGJocBCMc[0;39m <==      Total: 1
2023-04-16 14:13:40.449 DEBUG c.d.server.mapper.my.MyUserMapper.findResources   :159  [32mGJocBCMc[0;39m ==>  Preparing: select distinct r.id, r.`name`, r.page, r.request, r.parent from role_user ru, role_resource rr, resource r where ru.user_id = ? and ru.role_id = rr.role_id and rr.resource_id = r.id order by r.id asc 
2023-04-16 14:13:40.450 DEBUG c.d.server.mapper.my.MyUserMapper.findResources   :159  [32mGJocBCMc[0;39m ==> Parameters: T4wswetU(String)
2023-04-16 14:13:40.467 TRACE c.d.server.mapper.my.MyUserMapper.findResources   :165  [32mGJocBCMc[0;39m <==    Columns: id, name, page, request, parent
2023-04-16 14:13:40.468 TRACE c.d.server.mapper.my.MyUserMapper.findResources   :165  [32mGJocBCMc[0;39m <==        Row: 00, æ¬¢è¿Ž, welcome, null, 
2023-04-16 14:13:40.469 TRACE c.d.server.mapper.my.MyUserMapper.findResources   :165  [32mGJocBCMc[0;39m <==        Row: 01, ç³»ç»Ÿç®¡ç†, null, null, 
2023-04-16 14:13:40.469 TRACE c.d.server.mapper.my.MyUserMapper.findResources   :165  [32mGJocBCMc[0;39m <==        Row: 0101, ç”¨æˆ·ç®¡ç†, system/user, null, 01
2023-04-16 14:13:40.470 TRACE c.d.server.mapper.my.MyUserMapper.findResources   :165  [32mGJocBCMc[0;39m <==        Row: 010101, ä¿å­˜, null, ["/system/admin/user/list","/system/admin/user/save"], 0101
2023-04-16 14:13:40.470 TRACE c.d.server.mapper.my.MyUserMapper.findResources   :165  [32mGJocBCMc[0;39m <==        Row: 010102, åˆ é™¤, null, ["/system/admin/user/delete"], 0101
2023-04-16 14:13:40.470 TRACE c.d.server.mapper.my.MyUserMapper.findResources   :165  [32mGJocBCMc[0;39m <==        Row: 010103, é‡ç½®å¯†ç , null, ["/system/admin/user/save-password"], 0101
2023-04-16 14:13:40.471 TRACE c.d.server.mapper.my.MyUserMapper.findResources   :165  [32mGJocBCMc[0;39m <==        Row: 0102, èµ„æºç®¡ç†, system/resource, null, 01
2023-04-16 14:13:40.471 TRACE c.d.server.mapper.my.MyUserMapper.findResources   :165  [32mGJocBCMc[0;39m <==        Row: 010201, ä¿å­˜/æ˜¾ç¤º, null, ["/system/admin/resource"], 0102
2023-04-16 14:13:40.471 TRACE c.d.server.mapper.my.MyUserMapper.findResources   :165  [32mGJocBCMc[0;39m <==        Row: 0103, è§’è‰²ç®¡ç†, system/role, null, 01
2023-04-16 14:13:40.472 TRACE c.d.server.mapper.my.MyUserMapper.findResources   :165  [32mGJocBCMc[0;39m <==        Row: 010301, è§’è‰²/æƒé™ç®¡ç†, null, ["/system/admin/role"], 0103
2023-04-16 14:13:40.472 TRACE c.d.server.mapper.my.MyUserMapper.findResources   :165  [32mGJocBCMc[0;39m <==        Row: 02, ä¸šåŠ¡ç®¡ç†, null, null, 
2023-04-16 14:13:40.472 TRACE c.d.server.mapper.my.MyUserMapper.findResources   :165  [32mGJocBCMc[0;39m <==        Row: 0201, åˆ†ç±»ç®¡ç†, business/category, null, 02
2023-04-16 14:13:40.473 TRACE c.d.server.mapper.my.MyUserMapper.findResources   :165  [32mGJocBCMc[0;39m <==        Row: 020101, å¢žåˆ æ”¹æŸ¥, null, ["/business/admin/category"], 0201
2023-04-16 14:13:40.473 TRACE c.d.server.mapper.my.MyUserMapper.findResources   :165  [32mGJocBCMc[0;39m <==        Row: 0202, è¯¾ç¨‹ç®¡ç†, business/course, null, 02
2023-04-16 14:13:40.474 TRACE c.d.server.mapper.my.MyUserMapper.findResources   :165  [32mGJocBCMc[0;39m <==        Row: 020201, å¢žåˆ æ”¹æŸ¥, null, ["/business/admin/course","/business/admin/category/all"], 0202
2023-04-16 14:13:40.474 TRACE c.d.server.mapper.my.MyUserMapper.findResources   :165  [32mGJocBCMc[0;39m <==        Row: 0203, è®²å¸ˆç®¡ç†, business/teacher, null, 02
2023-04-16 14:13:40.475 TRACE c.d.server.mapper.my.MyUserMapper.findResources   :165  [32mGJocBCMc[0;39m <==        Row: 020301, å¢žåˆ æ”¹æŸ¥, null, ["/business/admin/teacher"], 0203
2023-04-16 14:13:40.476 TRACE c.d.server.mapper.my.MyUserMapper.findResources   :165  [32mGJocBCMc[0;39m <==        Row: 0204, ä¼šå‘˜ç®¡ç†, business/member, null, 02
2023-04-16 14:13:40.476 TRACE c.d.server.mapper.my.MyUserMapper.findResources   :165  [32mGJocBCMc[0;39m <==        Row: 020401, å¢žåˆ æ”¹æŸ¥, null, ["/business/admin/member"], 0204
2023-04-16 14:13:40.476 TRACE c.d.server.mapper.my.MyUserMapper.findResources   :165  [32mGJocBCMc[0;39m <==        Row: 0205, çŸ­ä¿¡ç®¡ç†, business/sms, null, 02
2023-04-16 14:13:40.477 TRACE c.d.server.mapper.my.MyUserMapper.findResources   :165  [32mGJocBCMc[0;39m <==        Row: 020501, å¢žåˆ æ”¹æŸ¥, null, ["/business/admin/sms"], 0205
2023-04-16 14:13:40.477 TRACE c.d.server.mapper.my.MyUserMapper.findResources   :165  [32mGJocBCMc[0;39m <==        Row: 0206, å¤§ç« ç®¡ç†, business/chapter, null, 02
2023-04-16 14:13:40.477 TRACE c.d.server.mapper.my.MyUserMapper.findResources   :165  [32mGJocBCMc[0;39m <==        Row: 020601, å¢žåˆ æ”¹æŸ¥, null, ["/business/admin/chapter"], 0206
2023-04-16 14:13:40.477 TRACE c.d.server.mapper.my.MyUserMapper.findResources   :165  [32mGJocBCMc[0;39m <==        Row: 0207, å°èŠ‚ç®¡ç†, business/section, null, 02
2023-04-16 14:13:40.478 TRACE c.d.server.mapper.my.MyUserMapper.findResources   :165  [32mGJocBCMc[0;39m <==        Row: 020701, å¢žåˆ æ”¹æŸ¥, null, ["/business/admin/section"], 0207
2023-04-16 14:13:40.478 TRACE c.d.server.mapper.my.MyUserMapper.findResources   :165  [32mGJocBCMc[0;39m <==        Row: 0208, è¯¾ç¨‹å†…å®¹, business/content, null, 02
2023-04-16 14:13:40.478 TRACE c.d.server.mapper.my.MyUserMapper.findResources   :165  [32mGJocBCMc[0;39m <==        Row: 020801, å¢žåˆ æ”¹æŸ¥, null, ["/business/admin/course","/business/admin/course-content-file"], 0208
2023-04-16 14:13:40.479 TRACE c.d.server.mapper.my.MyUserMapper.findResources   :165  [32mGJocBCMc[0;39m <==        Row: 03, æ–‡ä»¶ç®¡ç†, null, null, 
2023-04-16 14:13:40.479 TRACE c.d.server.mapper.my.MyUserMapper.findResources   :165  [32mGJocBCMc[0;39m <==        Row: 0301, æ–‡ä»¶ç®¡ç†, file/file, null, 03
2023-04-16 14:13:40.479 TRACE c.d.server.mapper.my.MyUserMapper.findResources   :165  [32mGJocBCMc[0;39m <==        Row: 030101, æ–‡ä»¶ç®¡ç†, null, ["/file/admin/file"], 0301
2023-04-16 14:13:40.479 TRACE c.d.server.mapper.my.MyUserMapper.findResources   :165  [32mGJocBCMc[0;39m <==        Row: 030102, æ–‡ä»¶éªŒè¯, null, ["/file/admin/oss-check"], 0301
2023-04-16 14:13:40.480 TRACE c.d.server.mapper.my.MyUserMapper.findResources   :165  [32mGJocBCMc[0;39m <==        Row: 030103, æ–‡ä»¶ä¸Šä¼ , null, ["/file/admin/oss-append"], 0301
2023-04-16 14:13:40.480 DEBUG c.d.server.mapper.my.MyUserMapper.findResources   :159  [32mGJocBCMc[0;39m <==      Total: 32
2023-04-16 14:13:40.481 INFO  com.douding.server.service.UserService            :163  [32mGJocBCMc[0;39m æœ‰æƒé™çš„è¯·æ±‚ï¼š[/system/admin/user/save, /business/admin/section, /file/admin/oss-check, /business/admin/teacher, /system/admin/user/save-password, /system/admin/role, /file/admin/oss-append, /business/admin/chapter, /business/admin/sms, /system/admin/user/delete, /business/admin/category/all, /business/admin/course-content-file, /business/admin/category, /business/admin/course, /business/admin/member, /system/admin/user/list, /system/admin/resource, /file/admin/file]
2023-04-16 14:13:40.489 INFO  com.douding.system.controller.admin.UserController:124  [32mGJocBCMc[0;39m ç”¨æˆ·ç™»é™†æˆåŠŸLoginUserDto{id='T4wswetU', loginName='admin', name='alex', resources=[ResourceDto{id='00', name='æ¬¢è¿Ž', page='welcome', request='null', parent='', children=null}, ResourceDto{id='01', name='ç³»ç»Ÿç®¡ç†', page='null', request='null', parent='', children=null}, ResourceDto{id='0101', name='ç”¨æˆ·ç®¡ç†', page='system/user', request='null', parent='01', children=null}, ResourceDto{id='010101', name='ä¿å­˜', page='null', request='["/system/admin/user/list","/system/admin/user/save"]', parent='0101', children=null}, ResourceDto{id='010102', name='åˆ é™¤', page='null', request='["/system/admin/user/delete"]', parent='0101', children=null}, ResourceDto{id='010103', name='é‡ç½®å¯†ç ', page='null', request='["/system/admin/user/save-password"]', parent='0101', children=null}, ResourceDto{id='0102', name='èµ„æºç®¡ç†', page='system/resource', request='null', parent='01', children=null}, ResourceDto{id='010201', name='ä¿å­˜/æ˜¾ç¤º', page='null', request='["/system/admin/resource"]', parent='0102', children=null}, ResourceDto{id='0103', name='è§’è‰²ç®¡ç†', page='system/role', request='null', parent='01', children=null}, ResourceDto{id='010301', name='è§’è‰²/æƒé™ç®¡ç†', page='null', request='["/system/admin/role"]', parent='0103', children=null}, ResourceDto{id='02', name='ä¸šåŠ¡ç®¡ç†', page='null', request='null', parent='', children=null}, ResourceDto{id='0201', name='åˆ†ç±»ç®¡ç†', page='business/category', request='null', parent='02', children=null}, ResourceDto{id='020101', name='å¢žåˆ æ”¹æŸ¥', page='null', request='["/business/admin/category"]', parent='0201', children=null}, ResourceDto{id='0202', name='è¯¾ç¨‹ç®¡ç†', page='business/course', request='null', parent='02', children=null}, ResourceDto{id='020201', name='å¢žåˆ æ”¹æŸ¥', page='null', request='["/business/admin/course","/business/admin/category/all"]', parent='0202', children=null}, ResourceDto{id='0203', name='è®²å¸ˆç®¡ç†', page='business/teacher', request='null', parent='02', children=null}, ResourceDto{id='020301', name='å¢žåˆ æ”¹æŸ¥', page='null', request='["/business/admin/teacher"]', parent='0203', children=null}, ResourceDto{id='0204', name='ä¼šå‘˜ç®¡ç†', page='business/member', request='null', parent='02', children=null}, ResourceDto{id='020401', name='å¢žåˆ æ”¹æŸ¥', page='null', request='["/business/admin/member"]', parent='0204', children=null}, ResourceDto{id='0205', name='çŸ­ä¿¡ç®¡ç†', page='business/sms', request='null', parent='02', children=null}, ResourceDto{id='020501', name='å¢žåˆ æ”¹æŸ¥', page='null', request='["/business/admin/sms"]', parent='0205', children=null}, ResourceDto{id='0206', name='å¤§ç« ç®¡ç†', page='business/chapter', request='null', parent='02', children=null}, ResourceDto{id='020601', name='å¢žåˆ æ”¹æŸ¥', page='null', request='["/business/admin/chapter"]', parent='0206', children=null}, ResourceDto{id='0207', name='å°èŠ‚ç®¡ç†', page='business/section', request='null', parent='02', children=null}, ResourceDto{id='020701', name='å¢žåˆ æ”¹æŸ¥', page='null', request='["/business/admin/section"]', parent='0207', children=null}, ResourceDto{id='0208', name='è¯¾ç¨‹å†…å®¹', page='business/content', request='null', parent='02', children=null}, ResourceDto{id='020801', name='å¢žåˆ æ”¹æŸ¥', page='null', request='["/business/admin/course","/business/admin/course-content-file"]', parent='0208', children=null}, ResourceDto{id='03', name='æ–‡ä»¶ç®¡ç†', page='null', request='null', parent='', children=null}, ResourceDto{id='0301', name='æ–‡ä»¶ç®¡ç†', page='file/file', request='null', parent='03', children=null}, ResourceDto{id='030101', name='æ–‡ä»¶ç®¡ç†', page='null', request='["/file/admin/file"]', parent='0301', children=null}, ResourceDto{id='030102', name='æ–‡ä»¶éªŒè¯', page='null', request='["/file/admin/oss-check"]', parent='0301', children=null}, ResourceDto{id='030103', name='æ–‡ä»¶ä¸Šä¼ ', page='null', request='["/file/admin/oss-append"]', parent='0301', children=null}], requests=[/system/admin/user/save, /business/admin/section, /file/admin/oss-check, /business/admin/teacher, /system/admin/user/save-password, /system/admin/role, /file/admin/oss-append, /business/admin/chapter, /business/admin/sms, /system/admin/user/delete, /business/admin/category/all, /business/admin/course-content-file, /business/admin/category, /business/admin/course, /business/admin/member, /system/admin/user/list, /system/admin/resource, /file/admin/file], token='6urLdR17'}
2023-04-16 14:13:40.500 INFO  com.douding.server.config.LogAspect               :109  [32mGJocBCMc[0;39m è¿”å›žç»“æžœ: {"content":{"id":"T4wswetU","loginName":"admin","name":"alex","requests":["/system/admin/user/save","/business/admin/section","/file/admin/oss-check","/business/admin/teacher","/system/admin/user/save-password","/system/admin/role","/file/admin/oss-append","/business/admin/chapter","/business/admin/sms","/system/admin/user/delete","/business/admin/category/all","/business/admin/course-content-file","/business/admin/category","/business/admin/course","/business/admin/member","/system/admin/user/list","/system/admin/resource","/file/admin/file"],"resources":[{"id":"00","name":"æ¬¢è¿Ž","page":"welcome","parent":""},{"id":"01","name":"ç³»ç»Ÿç®¡ç†","parent":""},{"id":"0101","name":"ç”¨æˆ·ç®¡ç†","page":"system/user","parent":"01"},{"id":"010101","name":"ä¿å­˜","parent":"0101","request":"[\"/system/admin/user/list\",\"/system/admin/user/save\"]"},{"id":"010102","name":"åˆ é™¤","parent":"0101","request":"[\"/system/admin/user/delete\"]"},{"id":"010103","name":"é‡ç½®å¯†ç ","parent":"0101","request":"[\"/system/admin/user/save-password\"]"},{"id":"0102","name":"èµ„æºç®¡ç†","page":"system/resource","parent":"01"},{"id":"010201","name":"ä¿å­˜/æ˜¾ç¤º","parent":"0102","request":"[\"/system/admin/resource\"]"},{"id":"0103","name":"è§’è‰²ç®¡ç†","page":"system/role","parent":"01"},{"id":"010301","name":"è§’è‰²/æƒé™ç®¡ç†","parent":"0103","request":"[\"/system/admin/role\"]"},{"id":"02","name":"ä¸šåŠ¡ç®¡ç†","parent":""},{"id":"0201","name":"åˆ†ç±»ç®¡ç†","page":"business/category","parent":"02"},{"id":"020101","name":"å¢žåˆ æ”¹æŸ¥","parent":"0201","request":"[\"/business/admin/category\"]"},{"id":"0202","name":"è¯¾ç¨‹ç®¡ç†","page":"business/course","parent":"02"},{"id":"020201","name":"å¢žåˆ æ”¹æŸ¥","parent":"0202","request":"[\"/business/admin/course\",\"/business/admin/category/all\"]"},{"id":"0203","name":"è®²å¸ˆç®¡ç†","page":"business/teacher","parent":"02"},{"id":"020301","name":"å¢žåˆ æ”¹æŸ¥","parent":"0203","request":"[\"/business/admin/teacher\"]"},{"id":"0204","name":"ä¼šå‘˜ç®¡ç†","page":"business/member","parent":"02"},{"id":"020401","name":"å¢žåˆ æ”¹æŸ¥","parent":"0204","request":"[\"/business/admin/member\"]"},{"id":"0205","name":"çŸ­ä¿¡ç®¡ç†","page":"business/sms","parent":"02"},{"id":"020501","name":"å¢žåˆ æ”¹æŸ¥","parent":"0205","request":"[\"/business/admin/sms\"]"},{"id":"0206","name":"å¤§ç« ç®¡ç†","page":"business/chapter","parent":"02"},{"id":"020601","name":"å¢žåˆ æ”¹æŸ¥","parent":"0206","request":"[\"/business/admin/chapter\"]"},{"id":"0207","name":"å°èŠ‚ç®¡ç†","page":"business/section","parent":"02"},{"id":"020701","name":"å¢žåˆ æ”¹æŸ¥","parent":"0207","request":"[\"/business/admin/section\"]"},{"id":"0208","name":"è¯¾ç¨‹å†…å®¹","page":"business/content","parent":"02"},{"id":"020801","name":"å¢žåˆ æ”¹æŸ¥","parent":"0208","request":"[\"/business/admin/course\",\"/business/admin/course-content-file\"]"},{"id":"03","name":"æ–‡ä»¶ç®¡ç†","parent":""},{"id":"0301","name":"æ–‡ä»¶ç®¡ç†","page":"file/file","parent":"03"},{"id":"030101","name":"æ–‡ä»¶ç®¡ç†","parent":"0301","request":"[\"/file/admin/file\"]"},{"id":"030102","name":"æ–‡ä»¶éªŒè¯","parent":"0301","request":"[\"/file/admin/oss-check\"]"},{"id":"030103","name":"æ–‡ä»¶ä¸Šä¼ ","parent":"0301","request":"[\"/file/admin/oss-append\"]"}],"token":"6urLdR17"},"success":true}
2023-04-16 14:13:40.500 INFO  com.douding.server.config.LogAspect               :110  [32mGJocBCMc[0;39m ------------- ç»“æŸ è€—æ—¶ï¼š516 ms -------------
2023-04-16 14:14:08.916 INFO  c.n.d.shared.resolver.aws.ConfigClusterResolver   :43   [32m        [0;39m Resolving eureka endpoints via configuration
2023-04-16 14:19:08.920 INFO  c.n.d.shared.resolver.aws.ConfigClusterResolver   :43   [32m        [0;39m Resolving eureka endpoints via configuration
2023-04-16 14:24:08.928 INFO  c.n.d.shared.resolver.aws.ConfigClusterResolver   :43   [32m        [0;39m Resolving eureka endpoints via configuration
2023-04-16 14:29:08.940 INFO  c.n.d.shared.resolver.aws.ConfigClusterResolver   :43   [32m        [0;39m Resolving eureka endpoints via configuration
2023-04-16 14:34:08.943 INFO  c.n.d.shared.resolver.aws.ConfigClusterResolver   :43   [32m        [0;39m Resolving eureka endpoints via configuration
2023-04-16 14:39:08.944 INFO  c.n.d.shared.resolver.aws.ConfigClusterResolver   :43   [32m        [0;39m Resolving eureka endpoints via configuration
2023-04-16 14:44:08.953 INFO  c.n.d.shared.resolver.aws.ConfigClusterResolver   :43   [32m        [0;39m Resolving eureka endpoints via configuration
2023-04-16 14:49:08.955 INFO  c.n.d.shared.resolver.aws.ConfigClusterResolver   :43   [32m        [0;39m Resolving eureka endpoints via configuration
2023-04-16 14:54:08.971 INFO  c.n.d.shared.resolver.aws.ConfigClusterResolver   :43   [32m        [0;39m Resolving eureka endpoints via configuration
2023-04-16 14:59:08.974 INFO  c.n.d.shared.resolver.aws.ConfigClusterResolver   :43   [32m        [0;39m Resolving eureka endpoints via configuration
